Log file open, 01/23/19 13:23:49
LogWindows: Failed to load 'aqProf.dll' (GetLastError=126)
LogWindows: File 'aqProf.dll' does not exist
LogWindows: Failed to load 'VtuneApi.dll' (GetLastError=126)
LogWindows: File 'VtuneApi.dll' does not exist
LogWindows: Failed to load 'VtuneApi32e.dll' (GetLastError=126)
LogWindows: File 'VtuneApi32e.dll' does not exist
LogInit: Display: Running engine for game: TB_WBICS002_AP
LogPlatformFile: Not using cached read wrapper
LogTaskGraph: Started task graph with 5 named threads and 23 total threads with 3 sets of task threads.
LogStats: Stats thread started at 0.296112
LogD3D11RHI: Loaded GFSDK_Aftermath_Lib.x64.dll
LogICUInternationalization: Display: ICU TimeZone Detection - Raw Offset: -7:00, Platform Override: ''
LogPluginManager: Mounting plugin Paper2D
LogPluginManager: Mounting plugin AISupport
LogPluginManager: Mounting plugin LightPropagationVolume
LogPluginManager: Mounting plugin CLionSourceCodeAccess
LogPluginManager: Mounting plugin CodeLiteSourceCodeAccess
LogPluginManager: Mounting plugin GitSourceControl
LogPluginManager: Mounting plugin KDevelopSourceCodeAccess
LogPluginManager: Mounting plugin NullSourceCodeAccess
LogPluginManager: Mounting plugin PerforceSourceControl
LogPluginManager: Mounting plugin SubversionSourceControl
LogPluginManager: Mounting plugin UObjectPlugin
LogPluginManager: Mounting plugin VisualStudioCodeSourceCodeAccess
LogPluginManager: Mounting plugin VisualStudioSourceCodeAccess
LogPluginManager: Mounting plugin XCodeSourceCodeAccess
LogPluginManager: Mounting plugin AssetManagerEditor
LogPluginManager: Mounting plugin CryptoKeys
LogPluginManager: Mounting plugin DataValidation
LogPluginManager: Mounting plugin FacialAnimation
LogPluginManager: Mounting plugin GameplayTagsEditor
LogPluginManager: Mounting plugin MacGraphicsSwitching
LogPluginManager: Mounting plugin MeshEditor
LogPluginManager: Mounting plugin MobileLauncherProfileWizard
LogPluginManager: Mounting plugin PluginBrowser
LogPluginManager: Mounting plugin SpeedTreeImporter
LogPluginManager: Mounting plugin DatasmithContent
LogPluginManager: Mounting plugin AlembicImporter
LogPluginManager: Mounting plugin AppleImageUtils
LogPluginManager: Mounting plugin AppleVision
LogPluginManager: Mounting plugin BackChannel
LogPluginManager: Mounting plugin CharacterAI
LogPluginManager: Mounting plugin GeometryCache
LogPluginManager: Mounting plugin HTML5Networking
LogPluginManager: Mounting plugin ProxyLODPlugin
LogPluginManager: Mounting plugin MagicLeap
LogPluginManager: Mounting plugin MagicLeapEmulator
LogPluginManager: Mounting plugin MagicLeapMedia
LogPluginManager: Mounting plugin AndroidMedia
LogPluginManager: Mounting plugin AvfMedia
LogPluginManager: Mounting plugin ImgMedia
LogPluginManager: Mounting plugin LinearTimecode
LogPluginManager: Mounting plugin MediaCompositing
LogPluginManager: Mounting plugin MediaPlayerEditor
LogPluginManager: Mounting plugin WmfMedia
LogPluginManager: Mounting plugin TcpMessaging
LogPluginManager: Mounting plugin UdpMessaging
LogPluginManager: Mounting plugin ActorSequence
LogPluginManager: Mounting plugin LevelSequenceEditor
LogPluginManager: Mounting plugin MatineeToLevelSequence
LogPluginManager: Mounting plugin NetcodeUnitTest
LogPluginManager: Mounting plugin NUTUnrealEngine4
LogPluginManager: Mounting plugin OnlineSubsystemGooglePlay
LogPluginManager: Mounting plugin OnlineSubsystemIOS
LogPluginManager: Mounting plugin OnlineSubsystem
LogPluginManager: Mounting plugin OnlineSubsystemNull
LogPluginManager: Mounting plugin OnlineSubsystemUtils
LogPluginManager: Mounting plugin LauncherChunkInstaller
LogPluginManager: Mounting plugin AndroidDeviceProfileSelector
LogPluginManager: Mounting plugin AndroidMoviePlayer
LogPluginManager: Mounting plugin AndroidPermission
LogPluginManager: Mounting plugin AppleMoviePlayer
LogPluginManager: Mounting plugin ArchVisCharacter
LogPluginManager: Mounting plugin AudioCapture
LogPluginManager: Mounting plugin CableComponent
LogPluginManager: Mounting plugin CustomMeshComponent
LogPluginManager: Mounting plugin EditableMesh
LogPluginManager: Mounting plugin ExampleDeviceProfileSelector
LogPluginManager: Mounting plugin GoogleCloudMessaging
LogPluginManager: Mounting plugin ImmediatePhysics
LogPluginManager: Mounting plugin IOSDeviceProfileSelector
LogPluginManager: Mounting plugin LinuxDeviceProfileSelector
LogPluginManager: Mounting plugin LocationServicesBPLibrary
LogPluginManager: Mounting plugin MobilePatchingUtils
LogPluginManager: Mounting plugin OculusVR
LogPluginManager: Plugin shader directory ../../../Engine/Plugins/Runtime/Oculus/OculusVR/Shaders found
LogPluginManager: Mapping shader source directory ../../../Engine/Plugins/Runtime/Oculus/OculusVR/Shaders to virtual directory /Plugin/OculusVR
LogPluginManager: Mounting plugin PhysXVehicles
LogPluginManager: Mounting plugin ProceduralMeshComponent
LogPluginManager: Mounting plugin RuntimePhysXCooking
LogPluginManager: Mounting plugin SteamVR
LogPluginManager: Mounting plugin WindowsMoviePlayer
LogStreaming: Display: Took  0.119s to configure plugins.
LogInit: Using libcurl 7.55.1-DEV
LogInit:  - built for x86_64-pc-win32
LogInit:  - supports SSL with OpenSSL/1.0.2h
LogInit:  - supports HTTP deflate (compression) using libz 1.2.8
LogInit:  - other features:
LogInit:      CURL_VERSION_SSL
LogInit:      CURL_VERSION_LIBZ
LogInit:      CURL_VERSION_IPV6
LogInit:      CURL_VERSION_ASYNCHDNS
LogInit:      CURL_VERSION_LARGEFILE
LogInit:      CURL_VERSION_IDN
LogInit:  CurlRequestOptions (configurable via config and command line):
LogInit:  - bVerifyPeer = false  - Libcurl will NOT verify peer certificate
LogInit:  - bUseHttpProxy = false  - Libcurl will NOT use HTTP proxy
LogInit:  - bDontReuseConnections = false  - Libcurl will reuse connections
LogInit:  - CertBundlePath = nullptr  - Libcurl will use whatever was configured at build time.
LogInit:  - MaxHostConnections = 16  - Libcurl will limit the number of connections to a host
LogInit:  - LocalHostAddr = Default
LogInit:  - BufferSize = 65536
LogInit: WinSock: version 1.1 (2.2), MaxSocks=32767, MaxUdp=65467
LogInit: Build: ++UE4+Release-4.20-CL-4369336
LogInit: Engine Version: 4.20.3-4369336+++UE4+Release-4.20
LogInit: Compatible Engine Version: 4.20.0-4212847+++UE4+Release-4.20
LogInit: Net CL: 4212847
LogInit: OS: Windows 10 (), CPU: Intel(R) Core(TM) i7-8809G CPU @ 3.10GHz, GPU: Radeon RX Vega M GH Graphics
LogInit: Compiled (64-bit): Sep 17 2018 12:26:19
LogInit: Compiled with Visual C++: 19.13.26129.00
LogInit: Build Configuration: Development
LogInit: Branch Name: ++UE4+Release-4.20
LogInit: Command Line:  
LogInit: Base Directory: C:/Program Files/Epic Games/UE_4.20/Engine/Binaries/Win64/
LogInit: Installed Engine Build: 1
LogDevObjectVersion: Number of dev versions registered: 20
LogDevObjectVersion:   Dev-Blueprints (B0D832E4-1F89-4F0D-ACCF-7EB736FD4AA2): 10
LogDevObjectVersion:   Dev-Build (E1C64328-A22C-4D53-A36C-8E866417BD8C): 0
LogDevObjectVersion:   Dev-Core (375EC13C-06E4-48FB-B500-84F0262A717E): 2
LogDevObjectVersion:   Dev-Editor (E4B068ED-F494-42E9-A231-DA0B2E46BB41): 24
LogDevObjectVersion:   Dev-Framework (CFFC743F-43B0-4480-9391-14DF171D2073): 34
LogDevObjectVersion:   Dev-Mobile (B02B49B5-BB20-44E9-A304-32B752E40360): 2
LogDevObjectVersion:   Dev-Networking (A4E4105C-59A1-49B5-A7C5-40C4547EDFEE): 0
LogDevObjectVersion:   Dev-Online (39C831C9-5AE6-47DC-9A44-9C173E1C8E7C): 0
LogDevObjectVersion:   Dev-Physics (78F01B33-EBEA-4F98-B9B4-84EACCB95AA2): 0
LogDevObjectVersion:   Dev-Platform (6631380F-2D4D-43E0-8009-CF276956A95A): 0
LogDevObjectVersion:   Dev-Rendering (12F88B9F-8875-4AFC-A67C-D90C383ABD29): 26
LogDevObjectVersion:   Dev-Sequencer (7B5AE74C-D270-4C10-A958-57980B212A5A): 9
LogDevObjectVersion:   Dev-VR (D7296918-1DD6-4BDD-9DE2-64A83CC13884): 2
LogDevObjectVersion:   Dev-LoadTimes (C2A15278-BFE7-4AFE-6C17-90FF531DF755): 1
LogDevObjectVersion:   Private-Geometry (6EACA3D4-40EC-4CC1-B786-8BED09428FC5): 3
LogDevObjectVersion:   Dev-AnimPhys (29E575DD-E0A3-4627-9D10-D276232CDCEA): 17
LogDevObjectVersion:   Dev-ReflectionCapture (6B266CEC-1EC7-4B8F-A30B-E4D90942FC07): 1
LogDevObjectVersion:   Dev-Automation (0DF73D61-A23F-47EA-B727-89E90C41499A): 1
LogDevObjectVersion:   FortniteMain (601D1886-AC64-4F84-AA16-D3DE0DEAC7D6): 12
LogDevObjectVersion:   Dev-Enterprise (9DFFBCD6-494F-0158-E221-12823C92A888): 1
LogStreaming: Display: Took  0.001s to delete old logs.
LogInit: Presizing for max 8388607 objects, including 0 objects not considered by GC, pre-allocating 0 bytes for permanent pool.
LogInit: Object subsystem initialized
[2019.01.23-20.23.49:566][  0]LogInit: Selected Device Profile: [Windows]
[2019.01.23-20.23.49:566][  0]LogInit: Applying CVar settings loaded from the selected device profile: [Windows]
[2019.01.23-20.23.49:590][  0]LogHAL: Display: Platform has ~ 16 GB [17094639616 / 17179869184 / 16], which maps to Larger [LargestMinGB=32, LargerMinGB=12, DefaultMinGB=8, SmallerMinGB=6, SmallestMinGB=0)
[2019.01.23-20.23.49:590][  0]LogInit: Setting Device Profile CVar: [[r.Vulkan.UseRealUBs:1]]
[2019.01.23-20.23.49:590][  0]LogInit: Going up to parent DeviceProfile []
[2019.01.23-20.23.49:595][  0]LogInit: Computer: eae-n-016
[2019.01.23-20.23.49:595][  0]LogInit: User: u1164170
[2019.01.23-20.23.49:595][  0]LogInit: CPU Page size=4096, Cores=4
[2019.01.23-20.23.49:595][  0]LogInit: High frequency timer resolution =3.023439 MHz
[2019.01.23-20.23.49:595][  0]LogMemory: Memory total: Physical=15.9GB (16GB approx)
[2019.01.23-20.23.49:595][  0]LogMemory: Platform Memory Stats for Windows
[2019.01.23-20.23.49:595][  0]LogMemory: Process Physical Memory: 100.22 MB used, 100.22 MB peak
[2019.01.23-20.23.49:595][  0]LogMemory: Process Virtual Memory: 95.04 MB used, 95.04 MB peak
[2019.01.23-20.23.49:595][  0]LogMemory: Physical Memory: 6108.24 MB used,  10194.48 MB free, 16302.72 MB total
[2019.01.23-20.23.49:595][  0]LogMemory: Virtual Memory: 4644.71 MB used,  10194.48 MB free, 134217728.00 MB total
[2019.01.23-20.23.49:750][  0]LogInit: Using OS detected language (en-US).
[2019.01.23-20.23.49:751][  0]LogInit: Using OS detected locale (en-US).
[2019.01.23-20.23.49:751][  0]LogTextLocalizationManager: No specific localization for 'en-US' exists, so the 'en' localization will be used.
[2019.01.23-20.23.50:108][  0]LogStreaming: Display: Took  0.357s to InitEngineTextLocalization.
[2019.01.23-20.23.50:108][  0]LogInit: Setting process to per monitor DPI aware
[2019.01.23-20.23.50:174][  0]LogSlate: New Slate User Created.  User Index 0, Is Virtual User: 0
[2019.01.23-20.23.50:174][  0]LogSlate: Slate User Registered.  User Index 0, Is Virtual User: 0
[2019.01.23-20.23.52:290][  0]LogHMD: Failed to initialize OpenVR with code 110
[2019.01.23-20.23.52:290][  0]LogD3D11RHI: D3D11 adapters:
[2019.01.23-20.23.52:336][  0]LogD3D11RHI:    0. 'Radeon RX Vega M GH Graphics' (Feature Level 11_0)
[2019.01.23-20.23.52:336][  0]LogD3D11RHI:       4042/0/8151 MB DedicatedVideo/DedicatedSystem/SharedSystem, Outputs:1, VendorId:0x1002
[2019.01.23-20.23.52:351][  0]LogD3D11RHI:    1. 'Intel(R) HD Graphics 630' (Feature Level 11_0)
[2019.01.23-20.23.52:351][  0]LogD3D11RHI:       128/0/8151 MB DedicatedVideo/DedicatedSystem/SharedSystem, Outputs:0, VendorId:0x8086
[2019.01.23-20.23.52:352][  0]LogD3D11RHI:    2. 'Microsoft Basic Render Driver' (Feature Level 11_0)
[2019.01.23-20.23.52:352][  0]LogD3D11RHI:       0/0/8151 MB DedicatedVideo/DedicatedSystem/SharedSystem, Outputs:0, VendorId:0x1414
[2019.01.23-20.23.52:352][  0]LogD3D11RHI: Chosen D3D11 Adapter: 0
[2019.01.23-20.23.52:359][  0]LogD3D11RHI: Creating new Direct3DDevice
[2019.01.23-20.23.52:360][  0]LogD3D11RHI:     GPU DeviceId: 0x694c (for the marketing name, search the web for "GPU Device Id")
[2019.01.23-20.23.52:360][  0]LogWindows: EnumDisplayDevices:
[2019.01.23-20.23.52:360][  0]LogWindows:    0. 'Radeon RX Vega M GH Graphics' (P:1 D:1)
[2019.01.23-20.23.52:360][  0]LogWindows:    1. 'Radeon RX Vega M GH Graphics' (P:0 D:0)
[2019.01.23-20.23.52:360][  0]LogWindows:    2. 'Radeon RX Vega M GH Graphics' (P:0 D:0)
[2019.01.23-20.23.52:360][  0]LogWindows:    3. 'Radeon RX Vega M GH Graphics' (P:0 D:0)
[2019.01.23-20.23.52:361][  0]LogWindows:    4. 'Radeon RX Vega M GH Graphics' (P:0 D:0)
[2019.01.23-20.23.52:361][  0]LogWindows:    5. 'Radeon RX Vega M GH Graphics' (P:0 D:0)
[2019.01.23-20.23.52:361][  0]LogWindows:    6. 'Radeon RX Vega M GH Graphics' (P:0 D:0)
[2019.01.23-20.23.52:361][  0]LogWindows:    7. 'Intel(R) HD Graphics 630' (P:0 D:0)
[2019.01.23-20.23.52:361][  0]LogWindows:    8. 'Intel(R) HD Graphics 630' (P:0 D:0)
[2019.01.23-20.23.52:362][  0]LogWindows: DebugString: PrimaryIsNotTheChoosenAdapter PrimaryIsNotTheChoosenAdapter FoundDriverCount:7 
[2019.01.23-20.23.52:362][  0]LogD3D11RHI:     Adapter Name: Radeon RX Vega M GH Graphics
[2019.01.23-20.23.52:362][  0]LogD3D11RHI:   Driver Version: Adrenalin 18.9.1 (internal:24.20.11026.2001, unified:24.20.11026.2001)
[2019.01.23-20.23.52:362][  0]LogD3D11RHI:      Driver Date: 8-30-2018
[2019.01.23-20.23.52:362][  0]LogRHI: Texture pool is 2829 MB (70% of 4042 MB)
[2019.01.23-20.23.52:451][  0]LogD3D11RHI: Async texture creation enabled
[2019.01.23-20.23.52:462][  0]LogD3D11RHI: GPU Timing Frequency: 25.000000 (Debug: 2 1)
[2019.01.23-20.23.52:464][  0]LogShaderCompilers: Guid format shader working directory is -32 characters bigger than the processId version (../../../../../../Users/u1164170/Documents/GitHub/TB_AssetPipeline/TB_WBICS002_AP/Intermediate/Shaders/WorkingDirectory/8556/).
[2019.01.23-20.23.52:464][  0]LogShaderCompilers: Cleaned the shader compiler working directory 'C:/Users/u1164170/AppData/Local/Temp/UnrealShaderWorkingDir/E41A49314D34A9976DA89CB796F03031/'.
[2019.01.23-20.23.52:877][  0]LogTemp: Display: Loaded TP AllDesktopTargetPlatform
[2019.01.23-20.23.52:888][  0]LogTemp: Display: Loaded TP MacClientTargetPlatform
[2019.01.23-20.23.52:900][  0]LogTemp: Display: Loaded TP MacNoEditorTargetPlatform
[2019.01.23-20.23.52:911][  0]LogTemp: Display: Loaded TP MacServerTargetPlatform
[2019.01.23-20.23.52:928][  0]LogTemp: Display: Loaded TP MacTargetPlatform
[2019.01.23-20.23.52:939][  0]LogTemp: Display: Loaded TP WindowsClientTargetPlatform
[2019.01.23-20.23.52:951][  0]LogTemp: Display: Loaded TP WindowsNoEditorTargetPlatform
[2019.01.23-20.23.52:962][  0]LogTemp: Display: Loaded TP WindowsServerTargetPlatform
[2019.01.23-20.23.52:969][  0]LogTemp: Display: Loaded TP WindowsTargetPlatform
[2019.01.23-20.23.53:040][  0]LogTemp: Display: Loaded TP AndroidTargetPlatform
[2019.01.23-20.23.53:040][  0]LogTemp: Display: Loaded TP AndroidTargetPlatform
[2019.01.23-20.23.53:040][  0]LogTemp: Display: Loaded TP AndroidTargetPlatform
[2019.01.23-20.23.53:040][  0]LogTemp: Display: Loaded TP AndroidTargetPlatform
[2019.01.23-20.23.53:040][  0]LogTemp: Display: Loaded TP AndroidTargetPlatform
[2019.01.23-20.23.53:040][  0]LogTemp: Display: Loaded TP AndroidTargetPlatform
[2019.01.23-20.23.53:040][  0]LogTemp: Display: Loaded TP AndroidTargetPlatform
[2019.01.23-20.23.53:040][  0]LogTemp: Display: Loaded TP AndroidTargetPlatform
[2019.01.23-20.23.53:040][  0]LogTemp: Display: Loaded TP AndroidTargetPlatform
[2019.01.23-20.23.53:040][  0]LogTemp: Display: Loaded TP AndroidTargetPlatform
[2019.01.23-20.23.53:040][  0]LogTemp: Display: Loaded TP AndroidTargetPlatform
[2019.01.23-20.23.53:040][  0]LogTemp: Display: Loaded TP AndroidTargetPlatform
[2019.01.23-20.23.53:040][  0]LogTemp: Display: Loaded TP AndroidTargetPlatform
[2019.01.23-20.23.53:040][  0]LogTemp: Display: Loaded TP AndroidTargetPlatform
[2019.01.23-20.23.53:040][  0]LogTemp: Display: Loaded TP AndroidTargetPlatform
[2019.01.23-20.23.53:040][  0]LogTemp: Display: Loaded TP AndroidTargetPlatform
[2019.01.23-20.23.53:040][  0]LogTemp: Display: Loaded TP AndroidTargetPlatform
[2019.01.23-20.23.53:040][  0]LogTemp: Display: Loaded TP AndroidTargetPlatform
[2019.01.23-20.23.53:041][  0]LogTemp: Display: Loaded TP HTML5TargetPlatform
[2019.01.23-20.23.53:105][  0]LogTemp: Display: Loaded TP IOSTargetPlatform
[2019.01.23-20.23.53:105][  0]LogTemp: Display: Loaded TP IOSTargetPlatform
[2019.01.23-20.23.53:125][  0]LogTemp: Display: Loaded TP TVOSTargetPlatform
[2019.01.23-20.23.53:125][  0]LogTemp: Display: Loaded TP TVOSTargetPlatform
[2019.01.23-20.23.53:136][  0]LogTemp: Display: Loaded TP LinuxClientTargetPlatform
[2019.01.23-20.23.53:145][  0]LogTemp: Display: Loaded TP LinuxNoEditorTargetPlatform
[2019.01.23-20.23.53:155][  0]LogTemp: Display: Loaded TP LinuxServerTargetPlatform
[2019.01.23-20.23.53:174][  0]LogTemp: Display: Loaded TP LinuxTargetPlatform
[2019.01.23-20.23.53:182][  0]LogTemp: Display: Loaded TP LuminTargetPlatform
[2019.01.23-20.23.53:182][  0]LogTargetPlatformManager: Display: Building Assets For Windows
[2019.01.23-20.23.53:268][  0]LogXGEController: Cleaning working directory: C:/Users/u1164170/AppData/Local/Temp/UnrealXGEWorkingDir/
[2019.01.23-20.23.53:268][  0]LogXGEController: Cannot use XGE Controller as Incredibuild is not installed on this machine.
[2019.01.23-20.23.53:268][  0]LogShaderCompilers: Cannot use XGE Shader Compiler as Incredibuild is not installed on this machine.
[2019.01.23-20.23.53:268][  0]LogShaderCompilers: Display: Using Local Shader Compiler.
[2019.01.23-20.23.54:936][  0]LogDerivedDataCache: Display: Max Cache Size: 512 MB
[2019.01.23-20.23.55:189][  0]LogDerivedDataCache: Loaded boot cache 0.25s 71MB C:/Users/u1164170/AppData/Local/UnrealEngine/4.20/DerivedDataCache/Boot.ddc.
[2019.01.23-20.23.55:190][  0]LogDerivedDataCache: Display: Loaded Boot cache: C:/Users/u1164170/AppData/Local/UnrealEngine/4.20/DerivedDataCache/Boot.ddc
[2019.01.23-20.23.55:190][  0]LogDerivedDataCache: FDerivedDataBackendGraph:  Pak pak cache file ../../../../../../Users/u1164170/Documents/GitHub/TB_AssetPipeline/TB_WBICS002_AP/DerivedDataCache/DDC.ddp not found, will not use a pak cache.
[2019.01.23-20.23.55:190][  0]LogDerivedDataCache: Unable to find inner node Pak for hierarchical cache Hierarchy.
[2019.01.23-20.23.55:190][  0]LogDerivedDataCache: FDerivedDataBackendGraph:  CompressedPak pak cache file ../../../../../../Users/u1164170/Documents/GitHub/TB_AssetPipeline/TB_WBICS002_AP/DerivedDataCache/Compressed.ddp not found, will not use a pak cache.
[2019.01.23-20.23.55:190][  0]LogDerivedDataCache: Unable to find inner node CompressedPak for hierarchical cache Hierarchy.
[2019.01.23-20.23.55:207][  0]LogDerivedDataCache: Display: Pak cache opened for reading ../../../Engine/DerivedDataCache/Compressed.ddp.
[2019.01.23-20.23.55:220][  0]LogDerivedDataCache: Using Local data cache path C:/Users/u1164170/AppData/Local/UnrealEngine/Common/DerivedDataCache: Writable
[2019.01.23-20.23.55:220][  0]LogDerivedDataCache: Shared data cache path not found in *engine.ini, will not use an Shared cache.
[2019.01.23-20.23.55:220][  0]LogDerivedDataCache: Unable to find inner node Shared for hierarchical cache Hierarchy.
[2019.01.23-20.23.55:236][  0]LogMaterial: Verifying Global Shaders for PCD3D_SM5
[2019.01.23-20.23.55:237][  0]LogSlate: Using FreeType 2.6.0
[2019.01.23-20.23.55:254][  0]LogSlate: SlateFontServices - WITH_FREETYPE: 1, WITH_HARFBUZZ: 1
[2019.01.23-20.23.55:427][  0]LogAssetRegistry: FAssetRegistry took 0.0255 seconds to start up
[2019.01.23-20.23.55:719][  0]LogInit: Selected Device Profile: [Windows]
[2019.01.23-20.23.55:959][  0]LogSimplygon: Simplygon DLL not present - disabling.
[2019.01.23-20.23.55:964][  0]LogMeshReduction: Using SimplygonSwarm for distributed automatic mesh merging
[2019.01.23-20.23.55:964][  0]LogMeshReduction: Using ProxyLODMeshReduction for automatic mesh merging
[2019.01.23-20.23.55:964][  0]LogMeshReduction: Using QuadricMeshReduction for automatic static mesh reduction
[2019.01.23-20.23.55:964][  0]LogMeshReduction: No automatic skeletal mesh reduction module available
[2019.01.23-20.23.55:999][  0]LogNetVersion: TB_WBICS002_AP 1.0.0, NetCL: 4212847, EngineNetVer: 5, GameNetVer: 0 (Checksum: 774598025)
[2019.01.23-20.23.57:017][  0]LogPackageLocalizationCache: Processed 11 localized package path(s) for 2 prioritized culture(s) in 0.113267 seconds
[2019.01.23-20.23.57:023][  0]LogUObjectArray: 38425 objects as part of root set at end of initial load.
[2019.01.23-20.23.57:023][  0]LogUObjectAllocator: 6690864 out of 0 bytes used by permanent object pool.
[2019.01.23-20.23.57:023][  0]LogUObjectArray: CloseDisregardForGC: 0/0 objects in disregard for GC pool
[2019.01.23-20.23.59:229][  0]LogTcpMessaging: Initializing TcpMessaging bridge
[2019.01.23-20.23.59:242][  0]LogUdpMessaging: Initializing bridge on interface 0.0.0.0:0 to multicast group 230.0.0.1:6666.
[2019.01.23-20.23.59:444][  0]SourceControl: Source control is disabled
[2019.01.23-20.23.59:444][  0]SourceControl: Source control is disabled
[2019.01.23-20.23.59:446][  0]SourceControl: Source control is disabled
[2019.01.23-20.23.59:447][  0]SourceControl: Source control is disabled
[2019.01.23-20.23.59:638][  0]LogAndroidPermission: UAndroidPermissionCallbackProxy::GetInstance
[2019.01.23-20.23.59:719][  0]LogOcInput: OculusInput pre-init called
[2019.01.23-20.23.59:780][  0]LogEngine: Initializing Engine...
[2019.01.23-20.23.59:781][  0]LogHMD: Failed to initialize OpenVR with code 110
[2019.01.23-20.23.59:782][  0]LogStats: UGameplayTagsManager::ConstructGameplayTagTree: ImportINI prefixes -  0.000 s
[2019.01.23-20.23.59:782][  0]LogStats: UGameplayTagsManager::ConstructGameplayTagTree: Construct from data asset -  0.000 s
[2019.01.23-20.23.59:782][  0]LogStats: UGameplayTagsManager::ConstructGameplayTagTree: ImportINI -  0.000 s
[2019.01.23-20.23.59:782][  0]LogStats: UGameplayTagsManager::ConstructGameplayTagTree: GameplayTagTreeChangedEvent.Broadcast -  0.000 s
[2019.01.23-20.24.00:017][  0]LogInit: Initializing FReadOnlyCVARCache
[2019.01.23-20.24.00:029][  0]LogAIModule: Creating AISystem for world Untitled
[2019.01.23-20.24.00:046][  0]LogInit: XAudio2 using '1 - CintiqPro24P (AMD High Definition Audio Device)' : 2 channels at 48 kHz using 16 bits per sample (channel mask 0x3)
[2019.01.23-20.24.00:106][  0]LogInit: FAudioDevice initialized.
[2019.01.23-20.24.00:106][  0]LogNetVersion: Set ProjectVersion to 1.0.0.0. Version Checksum will be recalculated on next use.
[2019.01.23-20.24.00:298][  0]LogDerivedDataCache: Saved boot cache 0.19s 71MB C:/Users/u1164170/AppData/Local/UnrealEngine/4.20/DerivedDataCache/Boot.ddc.
[2019.01.23-20.24.00:302][  0]LogInit: Texture streaming: Enabled
[2019.01.23-20.24.00:319][  0]LogEngineSessionManager: EngineSessionManager initialized
[2019.01.23-20.24.00:336][  0]LogInit: Transaction tracking system initialized
[2019.01.23-20.24.00:364][  0]BlueprintLog: New page: Editor Load
[2019.01.23-20.24.00:465][  0]LocalizationService: Localization service is disabled
[2019.01.23-20.24.00:734][  0]LogCook: Display: Max memory allowance for cook 16384mb min free memory 0mb
[2019.01.23-20.24.00:734][  0]LogCook: Display: Mobile HDR setting 1
[2019.01.23-20.24.00:734][  0]LogGameplayTags: Display: UGameplayTagsManager::DoneAddingNativeTags. DelegateIsBound: 0
[2019.01.23-20.24.00:734][  0]LogStats: UGameplayTagsManager::ConstructGameplayTagTree: ImportINI prefixes -  0.000 s
[2019.01.23-20.24.00:734][  0]LogStats: UGameplayTagsManager::ConstructGameplayTagTree: Construct from data asset -  0.000 s
[2019.01.23-20.24.00:734][  0]LogStats: UGameplayTagsManager::ConstructGameplayTagTree: ImportINI -  0.000 s
[2019.01.23-20.24.00:734][  0]LogStats: UGameplayTagsManager::ConstructGameplayTagTree: GameplayTagTreeChangedEvent.Broadcast -  0.000 s
[2019.01.23-20.24.00:897][  0]LogFileCache: Scanning file cache for directory 'C:/Users/u1164170/Documents/GitHub/TB_AssetPipeline/TB_WBICS002_AP/Content/' took 0.02s
[2019.01.23-20.24.00:897][  0]SourceControl: Source control is disabled
[2019.01.23-20.24.00:897][  0]Cmd: MAP LOAD FILE="../../../Engine/Content/Maps/Templates/Template_Default.umap" TEMPLATE=1 SHOWPROGRESS=1 FEATURELEVEL=3
[2019.01.23-20.24.00:897][  0]LightingResults: New page: Lighting Build
[2019.01.23-20.24.00:900][  0]MapCheck: New page: Map Check
[2019.01.23-20.24.00:900][  0]LightingResults: New page: Lighting Build
[2019.01.23-20.24.01:093][  0]LogAIModule: Creating AISystem for world Untitled_1
[2019.01.23-20.24.01:100][  0]LogEditorServer: Finished looking for orphan Actors (0.000 secs)
[2019.01.23-20.24.01:121][  0]Cmd: MAP CHECKDEP NOCLEARLOG
[2019.01.23-20.24.01:184][  0]MapCheck: Map check complete: 0 Error(s), 0 Warning(s), took 62.298ms to complete.
[2019.01.23-20.24.01:184][  0]LogFileHelpers: Loading map 'Template_Default' took 0.287
[2019.01.23-20.24.01:296][  0]LogSlate: Updating window title bar state: overlay mode, drag disabled, window buttons hidden, title bar hidden
[2019.01.23-20.24.01:303][  0]LogSlate: Updating window title bar state: overlay mode, drag disabled, window buttons hidden, title bar hidden
[2019.01.23-20.24.01:310][  0]LogSlate: Updating window title bar state: overlay mode, drag disabled, window buttons hidden, title bar hidden
[2019.01.23-20.24.01:316][  0]LogSlate: Updating window title bar state: overlay mode, drag disabled, window buttons hidden, title bar hidden
[2019.01.23-20.24.01:327][  0]LogCollectionManager: Loaded 0 collections in 0.002111 seconds
[2019.01.23-20.24.01:369][  0]LogFileCache: Scanning file cache for directory 'C:/Users/u1164170/Documents/GitHub/TB_AssetPipeline/TB_WBICS002_AP/Saved/Collections/' took 0.01s
[2019.01.23-20.24.01:369][  0]LogFileCache: Scanning file cache for directory 'C:/Users/u1164170/Documents/GitHub/TB_AssetPipeline/TB_WBICS002_AP/Content/Developers/u1164170/Collections/' took 0.01s
[2019.01.23-20.24.01:369][  0]LogFileCache: Scanning file cache for directory 'C:/Users/u1164170/Documents/GitHub/TB_AssetPipeline/TB_WBICS002_AP/Content/Collections/' took 0.01s
[2019.01.23-20.24.01:369][  0]LogCollectionManager: Rebuilt the GUID cache for 0 collections in 0.000000 seconds
[2019.01.23-20.24.01:377][  0]LogContentBrowser: Native class hierarchy populated in 0.0079 seconds. Added 2572 classes and 603 folders.
[2019.01.23-20.24.01:384][  0]LogContentBrowser: Native class hierarchy updated for 'WidgetCarousel' in 0.0002 seconds. Added 0 classes and 0 folders.
[2019.01.23-20.24.01:706][  0]LogContentBrowser: Native class hierarchy updated for 'AddContentDialog' in 0.0003 seconds. Added 0 classes and 0 folders.
[2019.01.23-20.24.01:710][  0]LogContentBrowser: Native class hierarchy updated for 'SceneOutliner' in 0.0002 seconds. Added 1 classes and 2 folders.
[2019.01.23-20.24.01:731][  0]LogSlate: Took 0.005163 seconds to synchronously load lazily loaded font '../../../Engine/Content/Slate/Fonts/Roboto-Regular.ttf' (155K)
[2019.01.23-20.24.01:738][  0]LogSlate: Took 0.004088 seconds to synchronously load lazily loaded font '../../../Engine/Content/Slate/Fonts/Roboto-Bold.ttf' (160K)
[2019.01.23-20.24.01:746][  0]LogSlate: Took 0.003930 seconds to synchronously load lazily loaded font '../../../Engine/Content/Editor/Slate/Fonts/FontAwesome.ttf' (139K)
[2019.01.23-20.24.01:849][  0]LogRenderer: Reallocating scene render targets to support 1208x576 Format 10 NumSamples 1 (Frame:1).
[2019.01.23-20.24.01:981][  0]LogContentBrowser: Native class hierarchy updated for 'HierarchicalLODOutliner' in 0.0002 seconds. Added 0 classes and 0 folders.
[2019.01.23-20.24.01:981][  0]LogLoad: (Engine Initialization) Total time: 15.34 seconds
[2019.01.23-20.24.01:981][  0]LogLoad: (Engine Initialization) Total Blueprint compile time: 0.00 seconds
[2019.01.23-20.24.02:008][  0]LogContentStreaming: Texture pool size now 1000 MB
[2019.01.23-20.24.03:337][153]LogAssetRegistry: Asset discovery search completed in 7.9256 seconds
[2019.01.23-20.24.03:339][153]LogCollectionManager: Rebuilt the object cache for 0 collections in 0.000000 seconds (found 0 objects)
[2019.01.23-20.24.03:339][153]LogCollectionManager: Fixed up redirectors for 0 collections in 0.000044 seconds (updated 0 objects)
[2019.01.23-20.24.08:130][724]LogSlate: FSceneViewport::OnFocusLost() reason 0
[2019.01.23-20.24.08:577][776]LogSlate: Took 0.003937 seconds to synchronously load lazily loaded font '../../../Engine/Content/Slate/Fonts/Roboto-Light.ttf' (167K)
[2019.01.23-20.24.08:889][776]LogAIModule: Creating AISystem for world TB_WBStreet
[2019.01.23-20.24.08:932][776]LogAssetEditorManager: Opening Asset editor for World /Game/TB_WBStreet.TB_WBStreet
[2019.01.23-20.24.08:954][776]Cmd: MAP LOAD FILE="../../../../../../Users/u1164170/Documents/GitHub/TB_AssetPipeline/TB_WBICS002_AP/Content/TB_WBStreet.umap" TEMPLATE=0 SHOWPROGRESS=1 FEATURELEVEL=3
[2019.01.23-20.24.08:954][776]LightingResults: New page: Lighting Build
[2019.01.23-20.24.08:954][776]LoadErrors: New page: Loading map: TB_WBStreet.umap
[2019.01.23-20.24.08:955][776]MapCheck: New page: Map Check
[2019.01.23-20.24.08:955][776]LightingResults: New page: Lighting Build
[2019.01.23-20.24.08:991][776]LogEditorServer: Finished looking for orphan Actors (0.000 secs)
[2019.01.23-20.24.09:045][776]Cmd: MAP CHECKDEP NOCLEARLOG
[2019.01.23-20.24.09:107][776]MapCheck: Map check complete: 0 Error(s), 0 Warning(s), took 61.646ms to complete.
[2019.01.23-20.24.09:107][776]LogFileHelpers: Loading map 'TB_WBStreet' took 0.153
[2019.01.23-20.24.22:516][320]Cmd: CAMERA ALIGN ACTIVEVIEWPORTONLY
[2019.01.23-20.24.55:403][224]LogEditorViewport: Clicking on Actor (LMB): BP_Sky_Sphere_C (Sky Sphere)
[2019.01.23-20.25.18:796][981]LogSlate: FSceneViewport::OnFocusLost() reason 0
[2019.01.23-20.25.22:955][400]Cmd: BRUSH ADD SELECTNEWBRUSH
[2019.01.23-20.25.23:158][402]Cmd: CAMERA ALIGN ACTIVEVIEWPORTONLY
[2019.01.23-20.25.25:967][724]Cmd: CAMERA ALIGN ACTIVEVIEWPORTONLY
[2019.01.23-20.25.30:894][229]Cmd: TRANSACTION UNDO
[2019.01.23-20.25.30:894][229]LogEditorTransaction: Undo Brush Add
[2019.01.23-20.25.32:254][334]LogSlate: FSceneViewport::OnFocusLost() reason 0
[2019.01.23-20.25.34:619][536]Cmd: BRUSH ADD SELECTNEWBRUSH
[2019.01.23-20.25.37:659][868]LogSlate: FSceneViewport::OnFocusLost() reason 2
[2019.01.23-20.25.42:896][417]LogSlate: FSceneViewport::OnFocusLost() reason 0
[2019.01.23-20.25.52:273][394]LogSlate: FSceneViewport::OnFocusLost() reason 0
[2019.01.23-20.26.03:921][614]Cmd: CAMERA ALIGN ACTIVEVIEWPORTONLY
[2019.01.23-20.26.08:448][126]LogSlate: FSceneViewport::OnFocusLost() reason 0
[2019.01.23-20.26.11:179][379]Cmd: BRUSH ADD SELECTNEWBRUSH
[2019.01.23-20.26.18:574][190]LogSlate: FSceneViewport::OnFocusLost() reason 0
[2019.01.23-20.27.20:352][660]Cmd: CAMERA ALIGN ACTIVEVIEWPORTONLY
[2019.01.23-20.27.29:309][629]Cmd: CAMERA ALIGN ACTIVEVIEWPORTONLY
[2019.01.23-20.27.36:496][423]LogSlate: FSceneViewport::OnFocusLost() reason 2
[2019.01.23-20.27.37:911][580]LogSlate: FSceneViewport::OnFocusLost() reason 2
[2019.01.23-20.27.53:885][305]Cmd: TRANSACTION UNDO
[2019.01.23-20.27.53:885][305]LogEditorTransaction: Undo Move Actors
[2019.01.23-20.27.54:026][305]LogActorComponent: ~FComponentReregisterContext: (/Game/TB_WBStreet.TB_WBStreet:PersistentLevel.Brush_ST_74.BrushComponent0) Component already registered.
[2019.01.23-20.27.54:026][305]LogActorComponent: ~FComponentReregisterContext: (/Game/TB_WBStreet.TB_WBStreet:PersistentLevel.Brush_ST_76.BrushComponent0) Component already registered.
[2019.01.23-20.27.54:028][305]LogActorComponent: ~FComponentReregisterContext: (/Game/TB_WBStreet.TB_WBStreet:PersistentLevel.Brush_SW_31.BrushComponent0) Component already registered.
[2019.01.23-20.27.54:029][305]LogActorComponent: ~FComponentReregisterContext: (/Game/TB_WBStreet.TB_WBStreet:PersistentLevel.Brush_Grass_22.BrushComponent0) Component already registered.
[2019.01.23-20.27.54:030][305]LogActorComponent: ~FComponentReregisterContext: (/Game/TB_WBStreet.TB_WBStreet:PersistentLevel.Brush_ST_291.BrushComponent0) Component already registered.
[2019.01.23-20.27.54:030][305]LogActorComponent: ~FComponentReregisterContext: (/Game/TB_WBStreet.TB_WBStreet:PersistentLevel.Brush_ST_293.BrushComponent0) Component already registered.
[2019.01.23-20.27.54:030][305]LogActorComponent: ~FComponentReregisterContext: (/Game/TB_WBStreet.TB_WBStreet:PersistentLevel.Brush_SW_47.BrushComponent0) Component already registered.
[2019.01.23-20.27.54:031][305]LogActorComponent: ~FComponentReregisterContext: (/Game/TB_WBStreet.TB_WBStreet:PersistentLevel.Brush_Grass_31.BrushComponent0) Component already registered.
[2019.01.23-20.27.54:031][305]LogActorComponent: ~FComponentReregisterContext: (/Game/TB_WBStreet.TB_WBStreet:PersistentLevel.Brush_ST_288.BrushComponent0) Component already registered.
[2019.01.23-20.27.54:032][305]LogActorComponent: ~FComponentReregisterContext: (/Game/TB_WBStreet.TB_WBStreet:PersistentLevel.Brush_SW_41.BrushComponent0) Component already registered.
[2019.01.23-20.27.54:032][305]LogActorComponent: ~FComponentReregisterContext: (/Game/TB_WBStreet.TB_WBStreet:PersistentLevel.Brush_ST_37.BrushComponent0) Component already registered.
[2019.01.23-20.27.54:033][305]LogActorComponent: ~FComponentReregisterContext: (/Game/TB_WBStreet.TB_WBStreet:PersistentLevel.Brush_ST_36.BrushComponent0) Component already registered.
[2019.01.23-20.27.54:033][305]LogActorComponent: ~FComponentReregisterContext: (/Game/TB_WBStreet.TB_WBStreet:PersistentLevel.Brush_SW_1.BrushComponent0) Component already registered.
[2019.01.23-20.27.54:051][305]LogActorComponent: ~FComponentReregisterContext: (/Game/TB_WBStreet.TB_WBStreet:PersistentLevel.Brush_ST_8.BrushComponent0) Component already registered.
[2019.01.23-20.27.54:051][305]LogActorComponent: ~FComponentReregisterContext: (/Game/TB_WBStreet.TB_WBStreet:PersistentLevel.Brush_ST_10.BrushComponent0) Component already registered.
[2019.01.23-20.27.54:052][305]LogActorComponent: ~FComponentReregisterContext: (/Game/TB_WBStreet.TB_WBStreet:PersistentLevel.Brush_SW_21.BrushComponent0) Component already registered.
[2019.01.23-20.27.54:053][305]LogActorComponent: ~FComponentReregisterContext: (/Game/TB_WBStreet.TB_WBStreet:PersistentLevel.Brush_ST_49.BrushComponent0) Component already registered.
[2019.01.23-20.27.54:054][305]LogActorComponent: ~FComponentReregisterContext: (/Game/TB_WBStreet.TB_WBStreet:PersistentLevel.Brush_ST_51.BrushComponent0) Component already registered.
[2019.01.23-20.27.54:054][305]LogActorComponent: ~FComponentReregisterContext: (/Game/TB_WBStreet.TB_WBStreet:PersistentLevel.Brush_SW_12.BrushComponent0) Component already registered.
[2019.01.23-20.27.54:054][305]LogActorComponent: ~FComponentReregisterContext: (/Game/TB_WBStreet.TB_WBStreet:PersistentLevel.Brush_SW_14.BrushComponent0) Component already registered.
[2019.01.23-20.27.54:057][305]LogActorComponent: ~FComponentReregisterContext: (/Game/TB_WBStreet.TB_WBStreet:PersistentLevel.BoxBrush13.BrushComponent0) Component already registered.
[2019.01.23-20.27.54:058][305]LogActorComponent: ~FComponentReregisterContext: (/Game/TB_WBStreet.TB_WBStreet:PersistentLevel.BoxBrush15.BrushComponent0) Component already registered.
[2019.01.23-20.27.54:059][305]LogActorComponent: ~FComponentReregisterContext: (/Game/TB_WBStreet.TB_WBStreet:PersistentLevel.Brush_ST_178.BrushComponent0) Component already registered.
[2019.01.23-20.27.54:060][305]LogActorComponent: ~FComponentReregisterContext: (/Game/TB_WBStreet.TB_WBStreet:PersistentLevel.CylinderBrush11.BrushComponent0) Component already registered.
[2019.01.23-20.27.54:061][305]LogActorComponent: ~FComponentReregisterContext: (/Game/TB_WBStreet.TB_WBStreet:PersistentLevel.CylinderBrush13.BrushComponent0) Component already registered.
[2019.01.23-20.27.54:064][305]LogActorComponent: ~FComponentReregisterContext: (/Game/TB_WBStreet.TB_WBStreet:PersistentLevel.BoxBrush56.BrushComponent0) Component already registered.
[2019.01.23-20.27.54:066][305]LogActorComponent: ~FComponentReregisterContext: (/Game/TB_WBStreet.TB_WBStreet:PersistentLevel.CylinderBrush5.BrushComponent0) Component already registered.
[2019.01.23-20.27.54:067][305]LogActorComponent: ~FComponentReregisterContext: (/Game/TB_WBStreet.TB_WBStreet:PersistentLevel.BoxBrush29.BrushComponent0) Component already registered.
[2019.01.23-20.27.54:068][305]LogActorComponent: ~FComponentReregisterContext: (/Game/TB_WBStreet.TB_WBStreet:PersistentLevel.BoxBrush35.BrushComponent0) Component already registered.
[2019.01.23-20.27.54:068][305]LogActorComponent: ~FComponentReregisterContext: (/Game/TB_WBStreet.TB_WBStreet:PersistentLevel.CylinderBrush21.BrushComponent0) Component already registered.
[2019.01.23-20.27.54:069][305]LogActorComponent: ~FComponentReregisterContext: (/Game/TB_WBStreet.TB_WBStreet:PersistentLevel.Brush_SW_59.BrushComponent0) Component already registered.
[2019.01.23-20.27.54:069][305]LogActorComponent: ~FComponentReregisterContext: (/Game/TB_WBStreet.TB_WBStreet:PersistentLevel.Brush_Grass_43.BrushComponent0) Component already registered.
[2019.01.23-20.27.54:072][305]LogActorComponent: ~FComponentReregisterContext: (/Game/TB_WBStreet.TB_WBStreet:PersistentLevel.Brush_ST_128.BrushComponent0) Component already registered.
[2019.01.23-20.27.54:073][305]LogActorComponent: ~FComponentReregisterContext: (/Game/TB_WBStreet.TB_WBStreet:PersistentLevel.Brush_ST_146.BrushComponent0) Component already registered.
[2019.01.23-20.27.54:075][305]LogActorComponent: ~FComponentReregisterContext: (/Game/TB_WBStreet.TB_WBStreet:PersistentLevel.Brush_SW_69.BrushComponent0) Component already registered.
[2019.01.23-20.27.54:075][305]LogActorComponent: ~FComponentReregisterContext: (/Game/TB_WBStreet.TB_WBStreet:PersistentLevel.Brush_Grass_53.BrushComponent0) Component already registered.
[2019.01.23-20.27.54:075][305]LogActorComponent: ~FComponentReregisterContext: (/Game/TB_WBStreet.TB_WBStreet:PersistentLevel.Brush_ST_462.BrushComponent0) Component already registered.
[2019.01.23-20.27.54:075][305]LogActorComponent: ~FComponentReregisterContext: (/Game/TB_WBStreet.TB_WBStreet:PersistentLevel.Brush_ST_170.BrushComponent0) Component already registered.
[2019.01.23-20.27.54:076][305]LogActorComponent: ~FComponentReregisterContext: (/Game/TB_WBStreet.TB_WBStreet:PersistentLevel.Brush_Grass_49.BrushComponent0) Component already registered.
[2019.01.23-20.27.54:076][305]LogActorComponent: ~FComponentReregisterContext: (/Game/TB_WBStreet.TB_WBStreet:PersistentLevel.Brush_ST_153.BrushComponent0) Component already registered.
[2019.01.23-20.27.58:403][720]Cmd: CAMERA ALIGN ACTIVEVIEWPORTONLY
[2019.01.23-20.28.11:923][188]Cmd: TRANSACTION UNDO
[2019.01.23-20.28.11:923][188]LogEditorTransaction: Undo Scale Actors
[2019.01.23-20.28.12:071][188]LogActorComponent: ~FComponentReregisterContext: (/Game/TB_WBStreet.TB_WBStreet:PersistentLevel.Brush_ST_74.BrushComponent0) Component already registered.
[2019.01.23-20.28.12:071][188]LogActorComponent: ~FComponentReregisterContext: (/Game/TB_WBStreet.TB_WBStreet:PersistentLevel.Brush_ST_76.BrushComponent0) Component already registered.
[2019.01.23-20.28.12:074][188]LogActorComponent: ~FComponentReregisterContext: (/Game/TB_WBStreet.TB_WBStreet:PersistentLevel.Brush_SW_31.BrushComponent0) Component already registered.
[2019.01.23-20.28.12:075][188]LogActorComponent: ~FComponentReregisterContext: (/Game/TB_WBStreet.TB_WBStreet:PersistentLevel.Brush_Grass_22.BrushComponent0) Component already registered.
[2019.01.23-20.28.12:076][188]LogActorComponent: ~FComponentReregisterContext: (/Game/TB_WBStreet.TB_WBStreet:PersistentLevel.Brush_ST_291.BrushComponent0) Component already registered.
[2019.01.23-20.28.12:076][188]LogActorComponent: ~FComponentReregisterContext: (/Game/TB_WBStreet.TB_WBStreet:PersistentLevel.Brush_ST_293.BrushComponent0) Component already registered.
[2019.01.23-20.28.12:077][188]LogActorComponent: ~FComponentReregisterContext: (/Game/TB_WBStreet.TB_WBStreet:PersistentLevel.Brush_SW_47.BrushComponent0) Component already registered.
[2019.01.23-20.28.12:077][188]LogActorComponent: ~FComponentReregisterContext: (/Game/TB_WBStreet.TB_WBStreet:PersistentLevel.Brush_Grass_31.BrushComponent0) Component already registered.
[2019.01.23-20.28.12:078][188]LogActorComponent: ~FComponentReregisterContext: (/Game/TB_WBStreet.TB_WBStreet:PersistentLevel.Brush_ST_288.BrushComponent0) Component already registered.
[2019.01.23-20.28.12:078][188]LogActorComponent: ~FComponentReregisterContext: (/Game/TB_WBStreet.TB_WBStreet:PersistentLevel.Brush_SW_41.BrushComponent0) Component already registered.
[2019.01.23-20.28.12:079][188]LogActorComponent: ~FComponentReregisterContext: (/Game/TB_WBStreet.TB_WBStreet:PersistentLevel.Brush_ST_37.BrushComponent0) Component already registered.
[2019.01.23-20.28.12:080][188]LogActorComponent: ~FComponentReregisterContext: (/Game/TB_WBStreet.TB_WBStreet:PersistentLevel.Brush_ST_36.BrushComponent0) Component already registered.
[2019.01.23-20.28.12:080][188]LogActorComponent: ~FComponentReregisterContext: (/Game/TB_WBStreet.TB_WBStreet:PersistentLevel.Brush_SW_1.BrushComponent0) Component already registered.
[2019.01.23-20.28.12:100][188]LogActorComponent: ~FComponentReregisterContext: (/Game/TB_WBStreet.TB_WBStreet:PersistentLevel.Brush_ST_8.BrushComponent0) Component already registered.
[2019.01.23-20.28.12:100][188]LogActorComponent: ~FComponentReregisterContext: (/Game/TB_WBStreet.TB_WBStreet:PersistentLevel.Brush_ST_10.BrushComponent0) Component already registered.
[2019.01.23-20.28.12:100][188]LogActorComponent: ~FComponentReregisterContext: (/Game/TB_WBStreet.TB_WBStreet:PersistentLevel.Brush_SW_21.BrushComponent0) Component already registered.
[2019.01.23-20.28.12:101][188]LogActorComponent: ~FComponentReregisterContext: (/Game/TB_WBStreet.TB_WBStreet:PersistentLevel.Brush_ST_49.BrushComponent0) Component already registered.
[2019.01.23-20.28.12:101][188]LogActorComponent: ~FComponentReregisterContext: (/Game/TB_WBStreet.TB_WBStreet:PersistentLevel.Brush_ST_51.BrushComponent0) Component already registered.
[2019.01.23-20.28.12:101][188]LogActorComponent: ~FComponentReregisterContext: (/Game/TB_WBStreet.TB_WBStreet:PersistentLevel.Brush_SW_12.BrushComponent0) Component already registered.
[2019.01.23-20.28.12:102][188]LogActorComponent: ~FComponentReregisterContext: (/Game/TB_WBStreet.TB_WBStreet:PersistentLevel.Brush_SW_14.BrushComponent0) Component already registered.
[2019.01.23-20.28.12:103][188]LogActorComponent: ~FComponentReregisterContext: (/Game/TB_WBStreet.TB_WBStreet:PersistentLevel.BoxBrush13.BrushComponent0) Component already registered.
[2019.01.23-20.28.12:104][188]LogActorComponent: ~FComponentReregisterContext: (/Game/TB_WBStreet.TB_WBStreet:PersistentLevel.BoxBrush15.BrushComponent0) Component already registered.
[2019.01.23-20.28.12:104][188]LogActorComponent: ~FComponentReregisterContext: (/Game/TB_WBStreet.TB_WBStreet:PersistentLevel.Brush_ST_178.BrushComponent0) Component already registered.
[2019.01.23-20.28.12:105][188]LogActorComponent: ~FComponentReregisterContext: (/Game/TB_WBStreet.TB_WBStreet:PersistentLevel.CylinderBrush11.BrushComponent0) Component already registered.
[2019.01.23-20.28.12:105][188]LogActorComponent: ~FComponentReregisterContext: (/Game/TB_WBStreet.TB_WBStreet:PersistentLevel.CylinderBrush13.BrushComponent0) Component already registered.
[2019.01.23-20.28.12:106][188]LogActorComponent: ~FComponentReregisterContext: (/Game/TB_WBStreet.TB_WBStreet:PersistentLevel.BoxBrush56.BrushComponent0) Component already registered.
[2019.01.23-20.28.12:107][188]LogActorComponent: ~FComponentReregisterContext: (/Game/TB_WBStreet.TB_WBStreet:PersistentLevel.CylinderBrush5.BrushComponent0) Component already registered.
[2019.01.23-20.28.12:108][188]LogActorComponent: ~FComponentReregisterContext: (/Game/TB_WBStreet.TB_WBStreet:PersistentLevel.BoxBrush29.BrushComponent0) Component already registered.
[2019.01.23-20.28.12:108][188]LogActorComponent: ~FComponentReregisterContext: (/Game/TB_WBStreet.TB_WBStreet:PersistentLevel.BoxBrush35.BrushComponent0) Component already registered.
[2019.01.23-20.28.12:109][188]LogActorComponent: ~FComponentReregisterContext: (/Game/TB_WBStreet.TB_WBStreet:PersistentLevel.CylinderBrush21.BrushComponent0) Component already registered.
[2019.01.23-20.28.12:109][188]LogActorComponent: ~FComponentReregisterContext: (/Game/TB_WBStreet.TB_WBStreet:PersistentLevel.Brush_SW_59.BrushComponent0) Component already registered.
[2019.01.23-20.28.12:109][188]LogActorComponent: ~FComponentReregisterContext: (/Game/TB_WBStreet.TB_WBStreet:PersistentLevel.Brush_Grass_43.BrushComponent0) Component already registered.
[2019.01.23-20.28.12:111][188]LogActorComponent: ~FComponentReregisterContext: (/Game/TB_WBStreet.TB_WBStreet:PersistentLevel.Brush_ST_128.BrushComponent0) Component already registered.
[2019.01.23-20.28.12:112][188]LogActorComponent: ~FComponentReregisterContext: (/Game/TB_WBStreet.TB_WBStreet:PersistentLevel.Brush_ST_146.BrushComponent0) Component already registered.
[2019.01.23-20.28.12:112][188]LogActorComponent: ~FComponentReregisterContext: (/Game/TB_WBStreet.TB_WBStreet:PersistentLevel.Brush_SW_69.BrushComponent0) Component already registered.
[2019.01.23-20.28.12:113][188]LogActorComponent: ~FComponentReregisterContext: (/Game/TB_WBStreet.TB_WBStreet:PersistentLevel.Brush_Grass_53.BrushComponent0) Component already registered.
[2019.01.23-20.28.12:113][188]LogActorComponent: ~FComponentReregisterContext: (/Game/TB_WBStreet.TB_WBStreet:PersistentLevel.Brush_ST_462.BrushComponent0) Component already registered.
[2019.01.23-20.28.12:114][188]LogActorComponent: ~FComponentReregisterContext: (/Game/TB_WBStreet.TB_WBStreet:PersistentLevel.Brush_ST_170.BrushComponent0) Component already registered.
[2019.01.23-20.28.12:114][188]LogActorComponent: ~FComponentReregisterContext: (/Game/TB_WBStreet.TB_WBStreet:PersistentLevel.Brush_Grass_49.BrushComponent0) Component already registered.
[2019.01.23-20.28.12:116][188]LogActorComponent: ~FComponentReregisterContext: (/Game/TB_WBStreet.TB_WBStreet:PersistentLevel.Brush_ST_153.BrushComponent0) Component already registered.
[2019.01.23-20.28.16:045][547]Cmd: TRANSACTION UNDO
[2019.01.23-20.28.16:045][547]LogEditorTransaction: Undo Scale Actors
[2019.01.23-20.28.16:186][547]LogActorComponent: ~FComponentReregisterContext: (/Game/TB_WBStreet.TB_WBStreet:PersistentLevel.Brush_ST_74.BrushComponent0) Component already registered.
[2019.01.23-20.28.16:186][547]LogActorComponent: ~FComponentReregisterContext: (/Game/TB_WBStreet.TB_WBStreet:PersistentLevel.Brush_ST_76.BrushComponent0) Component already registered.
[2019.01.23-20.28.16:190][547]LogActorComponent: ~FComponentReregisterContext: (/Game/TB_WBStreet.TB_WBStreet:PersistentLevel.Brush_SW_31.BrushComponent0) Component already registered.
[2019.01.23-20.28.16:190][547]LogActorComponent: ~FComponentReregisterContext: (/Game/TB_WBStreet.TB_WBStreet:PersistentLevel.Brush_Grass_22.BrushComponent0) Component already registered.
[2019.01.23-20.28.16:191][547]LogActorComponent: ~FComponentReregisterContext: (/Game/TB_WBStreet.TB_WBStreet:PersistentLevel.Brush_ST_291.BrushComponent0) Component already registered.
[2019.01.23-20.28.16:192][547]LogActorComponent: ~FComponentReregisterContext: (/Game/TB_WBStreet.TB_WBStreet:PersistentLevel.Brush_ST_293.BrushComponent0) Component already registered.
[2019.01.23-20.28.16:192][547]LogActorComponent: ~FComponentReregisterContext: (/Game/TB_WBStreet.TB_WBStreet:PersistentLevel.Brush_SW_47.BrushComponent0) Component already registered.
[2019.01.23-20.28.16:192][547]LogActorComponent: ~FComponentReregisterContext: (/Game/TB_WBStreet.TB_WBStreet:PersistentLevel.Brush_Grass_31.BrushComponent0) Component already registered.
[2019.01.23-20.28.16:193][547]LogActorComponent: ~FComponentReregisterContext: (/Game/TB_WBStreet.TB_WBStreet:PersistentLevel.Brush_ST_288.BrushComponent0) Component already registered.
[2019.01.23-20.28.16:194][547]LogActorComponent: ~FComponentReregisterContext: (/Game/TB_WBStreet.TB_WBStreet:PersistentLevel.Brush_SW_41.BrushComponent0) Component already registered.
[2019.01.23-20.28.16:194][547]LogActorComponent: ~FComponentReregisterContext: (/Game/TB_WBStreet.TB_WBStreet:PersistentLevel.Brush_ST_37.BrushComponent0) Component already registered.
[2019.01.23-20.28.16:195][547]LogActorComponent: ~FComponentReregisterContext: (/Game/TB_WBStreet.TB_WBStreet:PersistentLevel.Brush_ST_36.BrushComponent0) Component already registered.
[2019.01.23-20.28.16:196][547]LogActorComponent: ~FComponentReregisterContext: (/Game/TB_WBStreet.TB_WBStreet:PersistentLevel.Brush_SW_1.BrushComponent0) Component already registered.
[2019.01.23-20.28.16:217][547]LogActorComponent: ~FComponentReregisterContext: (/Game/TB_WBStreet.TB_WBStreet:PersistentLevel.Brush_ST_8.BrushComponent0) Component already registered.
[2019.01.23-20.28.16:217][547]LogActorComponent: ~FComponentReregisterContext: (/Game/TB_WBStreet.TB_WBStreet:PersistentLevel.Brush_ST_10.BrushComponent0) Component already registered.
[2019.01.23-20.28.16:218][547]LogActorComponent: ~FComponentReregisterContext: (/Game/TB_WBStreet.TB_WBStreet:PersistentLevel.Brush_SW_21.BrushComponent0) Component already registered.
[2019.01.23-20.28.16:219][547]LogActorComponent: ~FComponentReregisterContext: (/Game/TB_WBStreet.TB_WBStreet:PersistentLevel.Brush_ST_49.BrushComponent0) Component already registered.
[2019.01.23-20.28.16:219][547]LogActorComponent: ~FComponentReregisterContext: (/Game/TB_WBStreet.TB_WBStreet:PersistentLevel.Brush_ST_51.BrushComponent0) Component already registered.
[2019.01.23-20.28.16:219][547]LogActorComponent: ~FComponentReregisterContext: (/Game/TB_WBStreet.TB_WBStreet:PersistentLevel.Brush_SW_12.BrushComponent0) Component already registered.
[2019.01.23-20.28.16:220][547]LogActorComponent: ~FComponentReregisterContext: (/Game/TB_WBStreet.TB_WBStreet:PersistentLevel.Brush_SW_14.BrushComponent0) Component already registered.
[2019.01.23-20.28.16:222][547]LogActorComponent: ~FComponentReregisterContext: (/Game/TB_WBStreet.TB_WBStreet:PersistentLevel.BoxBrush13.BrushComponent0) Component already registered.
[2019.01.23-20.28.16:223][547]LogActorComponent: ~FComponentReregisterContext: (/Game/TB_WBStreet.TB_WBStreet:PersistentLevel.BoxBrush15.BrushComponent0) Component already registered.
[2019.01.23-20.28.16:223][547]LogActorComponent: ~FComponentReregisterContext: (/Game/TB_WBStreet.TB_WBStreet:PersistentLevel.Brush_ST_178.BrushComponent0) Component already registered.
[2019.01.23-20.28.16:224][547]LogActorComponent: ~FComponentReregisterContext: (/Game/TB_WBStreet.TB_WBStreet:PersistentLevel.CylinderBrush11.BrushComponent0) Component already registered.
[2019.01.23-20.28.16:224][547]LogActorComponent: ~FComponentReregisterContext: (/Game/TB_WBStreet.TB_WBStreet:PersistentLevel.CylinderBrush13.BrushComponent0) Component already registered.
[2019.01.23-20.28.16:225][547]LogActorComponent: ~FComponentReregisterContext: (/Game/TB_WBStreet.TB_WBStreet:PersistentLevel.BoxBrush56.BrushComponent0) Component already registered.
[2019.01.23-20.28.16:227][547]LogActorComponent: ~FComponentReregisterContext: (/Game/TB_WBStreet.TB_WBStreet:PersistentLevel.CylinderBrush5.BrushComponent0) Component already registered.
[2019.01.23-20.28.16:227][547]LogActorComponent: ~FComponentReregisterContext: (/Game/TB_WBStreet.TB_WBStreet:PersistentLevel.BoxBrush29.BrushComponent0) Component already registered.
[2019.01.23-20.28.16:227][547]LogActorComponent: ~FComponentReregisterContext: (/Game/TB_WBStreet.TB_WBStreet:PersistentLevel.BoxBrush35.BrushComponent0) Component already registered.
[2019.01.23-20.28.16:227][547]LogActorComponent: ~FComponentReregisterContext: (/Game/TB_WBStreet.TB_WBStreet:PersistentLevel.CylinderBrush21.BrushComponent0) Component already registered.
[2019.01.23-20.28.16:228][547]LogActorComponent: ~FComponentReregisterContext: (/Game/TB_WBStreet.TB_WBStreet:PersistentLevel.Brush_SW_59.BrushComponent0) Component already registered.
[2019.01.23-20.28.16:228][547]LogActorComponent: ~FComponentReregisterContext: (/Game/TB_WBStreet.TB_WBStreet:PersistentLevel.Brush_Grass_43.BrushComponent0) Component already registered.
[2019.01.23-20.28.16:229][547]LogActorComponent: ~FComponentReregisterContext: (/Game/TB_WBStreet.TB_WBStreet:PersistentLevel.Brush_ST_128.BrushComponent0) Component already registered.
[2019.01.23-20.28.16:230][547]LogActorComponent: ~FComponentReregisterContext: (/Game/TB_WBStreet.TB_WBStreet:PersistentLevel.Brush_ST_146.BrushComponent0) Component already registered.
[2019.01.23-20.28.16:230][547]LogActorComponent: ~FComponentReregisterContext: (/Game/TB_WBStreet.TB_WBStreet:PersistentLevel.Brush_SW_69.BrushComponent0) Component already registered.
[2019.01.23-20.28.16:231][547]LogActorComponent: ~FComponentReregisterContext: (/Game/TB_WBStreet.TB_WBStreet:PersistentLevel.Brush_Grass_53.BrushComponent0) Component already registered.
[2019.01.23-20.28.16:231][547]LogActorComponent: ~FComponentReregisterContext: (/Game/TB_WBStreet.TB_WBStreet:PersistentLevel.Brush_ST_462.BrushComponent0) Component already registered.
[2019.01.23-20.28.16:231][547]LogActorComponent: ~FComponentReregisterContext: (/Game/TB_WBStreet.TB_WBStreet:PersistentLevel.Brush_ST_170.BrushComponent0) Component already registered.
[2019.01.23-20.28.16:232][547]LogActorComponent: ~FComponentReregisterContext: (/Game/TB_WBStreet.TB_WBStreet:PersistentLevel.Brush_Grass_49.BrushComponent0) Component already registered.
[2019.01.23-20.28.16:232][547]LogActorComponent: ~FComponentReregisterContext: (/Game/TB_WBStreet.TB_WBStreet:PersistentLevel.Brush_ST_153.BrushComponent0) Component already registered.
[2019.01.23-20.28.21:342][ 80]LogSlate: FSceneViewport::OnFocusLost() reason 0
[2019.01.23-20.28.33:147][372]Cmd: TRANSACTION UNDO
[2019.01.23-20.28.33:147][372]LogEditorTransaction: Undo Scale Actors
[2019.01.23-20.28.33:295][372]LogActorComponent: ~FComponentReregisterContext: (/Game/TB_WBStreet.TB_WBStreet:PersistentLevel.Brush_ST_74.BrushComponent0) Component already registered.
[2019.01.23-20.28.33:296][372]LogActorComponent: ~FComponentReregisterContext: (/Game/TB_WBStreet.TB_WBStreet:PersistentLevel.Brush_ST_76.BrushComponent0) Component already registered.
[2019.01.23-20.28.33:299][372]LogActorComponent: ~FComponentReregisterContext: (/Game/TB_WBStreet.TB_WBStreet:PersistentLevel.Brush_SW_31.BrushComponent0) Component already registered.
[2019.01.23-20.28.33:300][372]LogActorComponent: ~FComponentReregisterContext: (/Game/TB_WBStreet.TB_WBStreet:PersistentLevel.Brush_Grass_22.BrushComponent0) Component already registered.
[2019.01.23-20.28.33:301][372]LogActorComponent: ~FComponentReregisterContext: (/Game/TB_WBStreet.TB_WBStreet:PersistentLevel.Brush_ST_291.BrushComponent0) Component already registered.
[2019.01.23-20.28.33:301][372]LogActorComponent: ~FComponentReregisterContext: (/Game/TB_WBStreet.TB_WBStreet:PersistentLevel.Brush_ST_293.BrushComponent0) Component already registered.
[2019.01.23-20.28.33:302][372]LogActorComponent: ~FComponentReregisterContext: (/Game/TB_WBStreet.TB_WBStreet:PersistentLevel.Brush_SW_47.BrushComponent0) Component already registered.
[2019.01.23-20.28.33:302][372]LogActorComponent: ~FComponentReregisterContext: (/Game/TB_WBStreet.TB_WBStreet:PersistentLevel.Brush_Grass_31.BrushComponent0) Component already registered.
[2019.01.23-20.28.33:302][372]LogActorComponent: ~FComponentReregisterContext: (/Game/TB_WBStreet.TB_WBStreet:PersistentLevel.Brush_ST_288.BrushComponent0) Component already registered.
[2019.01.23-20.28.33:303][372]LogActorComponent: ~FComponentReregisterContext: (/Game/TB_WBStreet.TB_WBStreet:PersistentLevel.Brush_SW_41.BrushComponent0) Component already registered.
[2019.01.23-20.28.33:303][372]LogActorComponent: ~FComponentReregisterContext: (/Game/TB_WBStreet.TB_WBStreet:PersistentLevel.Brush_ST_37.BrushComponent0) Component already registered.
[2019.01.23-20.28.33:305][372]LogActorComponent: ~FComponentReregisterContext: (/Game/TB_WBStreet.TB_WBStreet:PersistentLevel.Brush_ST_36.BrushComponent0) Component already registered.
[2019.01.23-20.28.33:305][372]LogActorComponent: ~FComponentReregisterContext: (/Game/TB_WBStreet.TB_WBStreet:PersistentLevel.Brush_SW_1.BrushComponent0) Component already registered.
[2019.01.23-20.28.33:329][372]LogActorComponent: ~FComponentReregisterContext: (/Game/TB_WBStreet.TB_WBStreet:PersistentLevel.Brush_ST_8.BrushComponent0) Component already registered.
[2019.01.23-20.28.33:329][372]LogActorComponent: ~FComponentReregisterContext: (/Game/TB_WBStreet.TB_WBStreet:PersistentLevel.Brush_ST_10.BrushComponent0) Component already registered.
[2019.01.23-20.28.33:329][372]LogActorComponent: ~FComponentReregisterContext: (/Game/TB_WBStreet.TB_WBStreet:PersistentLevel.Brush_SW_21.BrushComponent0) Component already registered.
[2019.01.23-20.28.33:330][372]LogActorComponent: ~FComponentReregisterContext: (/Game/TB_WBStreet.TB_WBStreet:PersistentLevel.Brush_ST_49.BrushComponent0) Component already registered.
[2019.01.23-20.28.33:330][372]LogActorComponent: ~FComponentReregisterContext: (/Game/TB_WBStreet.TB_WBStreet:PersistentLevel.Brush_ST_51.BrushComponent0) Component already registered.
[2019.01.23-20.28.33:331][372]LogActorComponent: ~FComponentReregisterContext: (/Game/TB_WBStreet.TB_WBStreet:PersistentLevel.Brush_SW_12.BrushComponent0) Component already registered.
[2019.01.23-20.28.33:331][372]LogActorComponent: ~FComponentReregisterContext: (/Game/TB_WBStreet.TB_WBStreet:PersistentLevel.Brush_SW_14.BrushComponent0) Component already registered.
[2019.01.23-20.28.33:333][372]LogActorComponent: ~FComponentReregisterContext: (/Game/TB_WBStreet.TB_WBStreet:PersistentLevel.BoxBrush13.BrushComponent0) Component already registered.
[2019.01.23-20.28.33:334][372]LogActorComponent: ~FComponentReregisterContext: (/Game/TB_WBStreet.TB_WBStreet:PersistentLevel.BoxBrush15.BrushComponent0) Component already registered.
[2019.01.23-20.28.33:335][372]LogActorComponent: ~FComponentReregisterContext: (/Game/TB_WBStreet.TB_WBStreet:PersistentLevel.Brush_ST_178.BrushComponent0) Component already registered.
[2019.01.23-20.28.33:336][372]LogActorComponent: ~FComponentReregisterContext: (/Game/TB_WBStreet.TB_WBStreet:PersistentLevel.CylinderBrush11.BrushComponent0) Component already registered.
[2019.01.23-20.28.33:336][372]LogActorComponent: ~FComponentReregisterContext: (/Game/TB_WBStreet.TB_WBStreet:PersistentLevel.CylinderBrush13.BrushComponent0) Component already registered.
[2019.01.23-20.28.33:338][372]LogActorComponent: ~FComponentReregisterContext: (/Game/TB_WBStreet.TB_WBStreet:PersistentLevel.BoxBrush56.BrushComponent0) Component already registered.
[2019.01.23-20.28.33:339][372]LogActorComponent: ~FComponentReregisterContext: (/Game/TB_WBStreet.TB_WBStreet:PersistentLevel.CylinderBrush5.BrushComponent0) Component already registered.
[2019.01.23-20.28.33:340][372]LogActorComponent: ~FComponentReregisterContext: (/Game/TB_WBStreet.TB_WBStreet:PersistentLevel.BoxBrush29.BrushComponent0) Component already registered.
[2019.01.23-20.28.33:340][372]LogActorComponent: ~FComponentReregisterContext: (/Game/TB_WBStreet.TB_WBStreet:PersistentLevel.BoxBrush35.BrushComponent0) Component already registered.
[2019.01.23-20.28.33:341][372]LogActorComponent: ~FComponentReregisterContext: (/Game/TB_WBStreet.TB_WBStreet:PersistentLevel.CylinderBrush21.BrushComponent0) Component already registered.
[2019.01.23-20.28.33:341][372]LogActorComponent: ~FComponentReregisterContext: (/Game/TB_WBStreet.TB_WBStreet:PersistentLevel.Brush_SW_59.BrushComponent0) Component already registered.
[2019.01.23-20.28.33:341][372]LogActorComponent: ~FComponentReregisterContext: (/Game/TB_WBStreet.TB_WBStreet:PersistentLevel.Brush_Grass_43.BrushComponent0) Component already registered.
[2019.01.23-20.28.33:343][372]LogActorComponent: ~FComponentReregisterContext: (/Game/TB_WBStreet.TB_WBStreet:PersistentLevel.Brush_ST_128.BrushComponent0) Component already registered.
[2019.01.23-20.28.33:343][372]LogActorComponent: ~FComponentReregisterContext: (/Game/TB_WBStreet.TB_WBStreet:PersistentLevel.Brush_ST_146.BrushComponent0) Component already registered.
[2019.01.23-20.28.33:344][372]LogActorComponent: ~FComponentReregisterContext: (/Game/TB_WBStreet.TB_WBStreet:PersistentLevel.Brush_SW_69.BrushComponent0) Component already registered.
[2019.01.23-20.28.33:344][372]LogActorComponent: ~FComponentReregisterContext: (/Game/TB_WBStreet.TB_WBStreet:PersistentLevel.Brush_Grass_53.BrushComponent0) Component already registered.
[2019.01.23-20.28.33:344][372]LogActorComponent: ~FComponentReregisterContext: (/Game/TB_WBStreet.TB_WBStreet:PersistentLevel.Brush_ST_462.BrushComponent0) Component already registered.
[2019.01.23-20.28.33:344][372]LogActorComponent: ~FComponentReregisterContext: (/Game/TB_WBStreet.TB_WBStreet:PersistentLevel.Brush_ST_170.BrushComponent0) Component already registered.
[2019.01.23-20.28.33:345][372]LogActorComponent: ~FComponentReregisterContext: (/Game/TB_WBStreet.TB_WBStreet:PersistentLevel.Brush_Grass_49.BrushComponent0) Component already registered.
[2019.01.23-20.28.33:346][372]LogActorComponent: ~FComponentReregisterContext: (/Game/TB_WBStreet.TB_WBStreet:PersistentLevel.Brush_ST_153.BrushComponent0) Component already registered.
[2019.01.23-20.28.36:009][592]Cmd: TRANSACTION UNDO
[2019.01.23-20.28.36:009][592]LogEditorTransaction: Undo Scale Actors
[2019.01.23-20.28.36:162][592]LogActorComponent: ~FComponentReregisterContext: (/Game/TB_WBStreet.TB_WBStreet:PersistentLevel.Brush_ST_74.BrushComponent0) Component already registered.
[2019.01.23-20.28.36:162][592]LogActorComponent: ~FComponentReregisterContext: (/Game/TB_WBStreet.TB_WBStreet:PersistentLevel.Brush_ST_76.BrushComponent0) Component already registered.
[2019.01.23-20.28.36:165][592]LogActorComponent: ~FComponentReregisterContext: (/Game/TB_WBStreet.TB_WBStreet:PersistentLevel.Brush_SW_31.BrushComponent0) Component already registered.
[2019.01.23-20.28.36:165][592]LogActorComponent: ~FComponentReregisterContext: (/Game/TB_WBStreet.TB_WBStreet:PersistentLevel.Brush_Grass_22.BrushComponent0) Component already registered.
[2019.01.23-20.28.36:166][592]LogActorComponent: ~FComponentReregisterContext: (/Game/TB_WBStreet.TB_WBStreet:PersistentLevel.Brush_ST_291.BrushComponent0) Component already registered.
[2019.01.23-20.28.36:166][592]LogActorComponent: ~FComponentReregisterContext: (/Game/TB_WBStreet.TB_WBStreet:PersistentLevel.Brush_ST_293.BrushComponent0) Component already registered.
[2019.01.23-20.28.36:167][592]LogActorComponent: ~FComponentReregisterContext: (/Game/TB_WBStreet.TB_WBStreet:PersistentLevel.Brush_SW_47.BrushComponent0) Component already registered.
[2019.01.23-20.28.36:167][592]LogActorComponent: ~FComponentReregisterContext: (/Game/TB_WBStreet.TB_WBStreet:PersistentLevel.Brush_Grass_31.BrushComponent0) Component already registered.
[2019.01.23-20.28.36:168][592]LogActorComponent: ~FComponentReregisterContext: (/Game/TB_WBStreet.TB_WBStreet:PersistentLevel.Brush_ST_288.BrushComponent0) Component already registered.
[2019.01.23-20.28.36:168][592]LogActorComponent: ~FComponentReregisterContext: (/Game/TB_WBStreet.TB_WBStreet:PersistentLevel.Brush_SW_41.BrushComponent0) Component already registered.
[2019.01.23-20.28.36:169][592]LogActorComponent: ~FComponentReregisterContext: (/Game/TB_WBStreet.TB_WBStreet:PersistentLevel.Brush_ST_37.BrushComponent0) Component already registered.
[2019.01.23-20.28.36:170][592]LogActorComponent: ~FComponentReregisterContext: (/Game/TB_WBStreet.TB_WBStreet:PersistentLevel.Brush_ST_36.BrushComponent0) Component already registered.
[2019.01.23-20.28.36:170][592]LogActorComponent: ~FComponentReregisterContext: (/Game/TB_WBStreet.TB_WBStreet:PersistentLevel.Brush_SW_1.BrushComponent0) Component already registered.
[2019.01.23-20.28.36:188][592]LogActorComponent: ~FComponentReregisterContext: (/Game/TB_WBStreet.TB_WBStreet:PersistentLevel.Brush_ST_8.BrushComponent0) Component already registered.
[2019.01.23-20.28.36:188][592]LogActorComponent: ~FComponentReregisterContext: (/Game/TB_WBStreet.TB_WBStreet:PersistentLevel.Brush_ST_10.BrushComponent0) Component already registered.
[2019.01.23-20.28.36:188][592]LogActorComponent: ~FComponentReregisterContext: (/Game/TB_WBStreet.TB_WBStreet:PersistentLevel.Brush_SW_21.BrushComponent0) Component already registered.
[2019.01.23-20.28.36:189][592]LogActorComponent: ~FComponentReregisterContext: (/Game/TB_WBStreet.TB_WBStreet:PersistentLevel.Brush_ST_49.BrushComponent0) Component already registered.
[2019.01.23-20.28.36:189][592]LogActorComponent: ~FComponentReregisterContext: (/Game/TB_WBStreet.TB_WBStreet:PersistentLevel.Brush_ST_51.BrushComponent0) Component already registered.
[2019.01.23-20.28.36:189][592]LogActorComponent: ~FComponentReregisterContext: (/Game/TB_WBStreet.TB_WBStreet:PersistentLevel.Brush_SW_12.BrushComponent0) Component already registered.
[2019.01.23-20.28.36:190][592]LogActorComponent: ~FComponentReregisterContext: (/Game/TB_WBStreet.TB_WBStreet:PersistentLevel.Brush_SW_14.BrushComponent0) Component already registered.
[2019.01.23-20.28.36:191][592]LogActorComponent: ~FComponentReregisterContext: (/Game/TB_WBStreet.TB_WBStreet:PersistentLevel.BoxBrush13.BrushComponent0) Component already registered.
[2019.01.23-20.28.36:192][592]LogActorComponent: ~FComponentReregisterContext: (/Game/TB_WBStreet.TB_WBStreet:PersistentLevel.BoxBrush15.BrushComponent0) Component already registered.
[2019.01.23-20.28.36:192][592]LogActorComponent: ~FComponentReregisterContext: (/Game/TB_WBStreet.TB_WBStreet:PersistentLevel.Brush_ST_178.BrushComponent0) Component already registered.
[2019.01.23-20.28.36:193][592]LogActorComponent: ~FComponentReregisterContext: (/Game/TB_WBStreet.TB_WBStreet:PersistentLevel.CylinderBrush11.BrushComponent0) Component already registered.
[2019.01.23-20.28.36:193][592]LogActorComponent: ~FComponentReregisterContext: (/Game/TB_WBStreet.TB_WBStreet:PersistentLevel.CylinderBrush13.BrushComponent0) Component already registered.
[2019.01.23-20.28.36:195][592]LogActorComponent: ~FComponentReregisterContext: (/Game/TB_WBStreet.TB_WBStreet:PersistentLevel.BoxBrush56.BrushComponent0) Component already registered.
[2019.01.23-20.28.36:196][592]LogActorComponent: ~FComponentReregisterContext: (/Game/TB_WBStreet.TB_WBStreet:PersistentLevel.CylinderBrush5.BrushComponent0) Component already registered.
[2019.01.23-20.28.36:196][592]LogActorComponent: ~FComponentReregisterContext: (/Game/TB_WBStreet.TB_WBStreet:PersistentLevel.BoxBrush29.BrushComponent0) Component already registered.
[2019.01.23-20.28.36:197][592]LogActorComponent: ~FComponentReregisterContext: (/Game/TB_WBStreet.TB_WBStreet:PersistentLevel.BoxBrush35.BrushComponent0) Component already registered.
[2019.01.23-20.28.36:197][592]LogActorComponent: ~FComponentReregisterContext: (/Game/TB_WBStreet.TB_WBStreet:PersistentLevel.CylinderBrush21.BrushComponent0) Component already registered.
[2019.01.23-20.28.36:197][592]LogActorComponent: ~FComponentReregisterContext: (/Game/TB_WBStreet.TB_WBStreet:PersistentLevel.Brush_SW_59.BrushComponent0) Component already registered.
[2019.01.23-20.28.36:197][592]LogActorComponent: ~FComponentReregisterContext: (/Game/TB_WBStreet.TB_WBStreet:PersistentLevel.Brush_Grass_43.BrushComponent0) Component already registered.
[2019.01.23-20.28.36:199][592]LogActorComponent: ~FComponentReregisterContext: (/Game/TB_WBStreet.TB_WBStreet:PersistentLevel.Brush_ST_128.BrushComponent0) Component already registered.
[2019.01.23-20.28.36:199][592]LogActorComponent: ~FComponentReregisterContext: (/Game/TB_WBStreet.TB_WBStreet:PersistentLevel.Brush_ST_146.BrushComponent0) Component already registered.
[2019.01.23-20.28.36:200][592]LogActorComponent: ~FComponentReregisterContext: (/Game/TB_WBStreet.TB_WBStreet:PersistentLevel.Brush_SW_69.BrushComponent0) Component already registered.
[2019.01.23-20.28.36:200][592]LogActorComponent: ~FComponentReregisterContext: (/Game/TB_WBStreet.TB_WBStreet:PersistentLevel.Brush_Grass_53.BrushComponent0) Component already registered.
[2019.01.23-20.28.36:201][592]LogActorComponent: ~FComponentReregisterContext: (/Game/TB_WBStreet.TB_WBStreet:PersistentLevel.Brush_ST_462.BrushComponent0) Component already registered.
[2019.01.23-20.28.36:201][592]LogActorComponent: ~FComponentReregisterContext: (/Game/TB_WBStreet.TB_WBStreet:PersistentLevel.Brush_ST_170.BrushComponent0) Component already registered.
[2019.01.23-20.28.36:202][592]LogActorComponent: ~FComponentReregisterContext: (/Game/TB_WBStreet.TB_WBStreet:PersistentLevel.Brush_Grass_49.BrushComponent0) Component already registered.
[2019.01.23-20.28.36:202][592]LogActorComponent: ~FComponentReregisterContext: (/Game/TB_WBStreet.TB_WBStreet:PersistentLevel.Brush_ST_153.BrushComponent0) Component already registered.
[2019.01.23-20.28.37:875][742]Cmd: TRANSACTION UNDO
[2019.01.23-20.28.37:875][742]LogEditorTransaction: Undo Select Brush Surface
[2019.01.23-20.28.38:346][780]Cmd: TRANSACTION UNDO
[2019.01.23-20.28.38:346][780]LogEditorTransaction: Undo Scale Actors
[2019.01.23-20.28.38:499][780]LogActorComponent: ~FComponentReregisterContext: (/Game/TB_WBStreet.TB_WBStreet:PersistentLevel.Brush_ST_74.BrushComponent0) Component already registered.
[2019.01.23-20.28.38:500][780]LogActorComponent: ~FComponentReregisterContext: (/Game/TB_WBStreet.TB_WBStreet:PersistentLevel.Brush_ST_76.BrushComponent0) Component already registered.
[2019.01.23-20.28.38:501][780]LogActorComponent: ~FComponentReregisterContext: (/Game/TB_WBStreet.TB_WBStreet:PersistentLevel.Brush_SW_31.BrushComponent0) Component already registered.
[2019.01.23-20.28.38:502][780]LogActorComponent: ~FComponentReregisterContext: (/Game/TB_WBStreet.TB_WBStreet:PersistentLevel.Brush_Grass_22.BrushComponent0) Component already registered.
[2019.01.23-20.28.38:502][780]LogActorComponent: ~FComponentReregisterContext: (/Game/TB_WBStreet.TB_WBStreet:PersistentLevel.Brush_ST_291.BrushComponent0) Component already registered.
[2019.01.23-20.28.38:503][780]LogActorComponent: ~FComponentReregisterContext: (/Game/TB_WBStreet.TB_WBStreet:PersistentLevel.Brush_ST_293.BrushComponent0) Component already registered.
[2019.01.23-20.28.38:503][780]LogActorComponent: ~FComponentReregisterContext: (/Game/TB_WBStreet.TB_WBStreet:PersistentLevel.Brush_SW_47.BrushComponent0) Component already registered.
[2019.01.23-20.28.38:503][780]LogActorComponent: ~FComponentReregisterContext: (/Game/TB_WBStreet.TB_WBStreet:PersistentLevel.Brush_Grass_31.BrushComponent0) Component already registered.
[2019.01.23-20.28.38:504][780]LogActorComponent: ~FComponentReregisterContext: (/Game/TB_WBStreet.TB_WBStreet:PersistentLevel.Brush_ST_288.BrushComponent0) Component already registered.
[2019.01.23-20.28.38:504][780]LogActorComponent: ~FComponentReregisterContext: (/Game/TB_WBStreet.TB_WBStreet:PersistentLevel.Brush_SW_41.BrushComponent0) Component already registered.
[2019.01.23-20.28.38:505][780]LogActorComponent: ~FComponentReregisterContext: (/Game/TB_WBStreet.TB_WBStreet:PersistentLevel.Brush_ST_37.BrushComponent0) Component already registered.
[2019.01.23-20.28.38:506][780]LogActorComponent: ~FComponentReregisterContext: (/Game/TB_WBStreet.TB_WBStreet:PersistentLevel.Brush_ST_36.BrushComponent0) Component already registered.
[2019.01.23-20.28.38:506][780]LogActorComponent: ~FComponentReregisterContext: (/Game/TB_WBStreet.TB_WBStreet:PersistentLevel.Brush_SW_1.BrushComponent0) Component already registered.
[2019.01.23-20.28.38:523][780]LogActorComponent: ~FComponentReregisterContext: (/Game/TB_WBStreet.TB_WBStreet:PersistentLevel.Brush_ST_8.BrushComponent0) Component already registered.
[2019.01.23-20.28.38:524][780]LogActorComponent: ~FComponentReregisterContext: (/Game/TB_WBStreet.TB_WBStreet:PersistentLevel.Brush_ST_10.BrushComponent0) Component already registered.
[2019.01.23-20.28.38:525][780]LogActorComponent: ~FComponentReregisterContext: (/Game/TB_WBStreet.TB_WBStreet:PersistentLevel.Brush_SW_21.BrushComponent0) Component already registered.
[2019.01.23-20.28.38:525][780]LogActorComponent: ~FComponentReregisterContext: (/Game/TB_WBStreet.TB_WBStreet:PersistentLevel.Brush_ST_49.BrushComponent0) Component already registered.
[2019.01.23-20.28.38:525][780]LogActorComponent: ~FComponentReregisterContext: (/Game/TB_WBStreet.TB_WBStreet:PersistentLevel.Brush_ST_51.BrushComponent0) Component already registered.
[2019.01.23-20.28.38:526][780]LogActorComponent: ~FComponentReregisterContext: (/Game/TB_WBStreet.TB_WBStreet:PersistentLevel.Brush_SW_12.BrushComponent0) Component already registered.
[2019.01.23-20.28.38:526][780]LogActorComponent: ~FComponentReregisterContext: (/Game/TB_WBStreet.TB_WBStreet:PersistentLevel.Brush_SW_14.BrushComponent0) Component already registered.
[2019.01.23-20.28.38:527][780]LogActorComponent: ~FComponentReregisterContext: (/Game/TB_WBStreet.TB_WBStreet:PersistentLevel.BoxBrush13.BrushComponent0) Component already registered.
[2019.01.23-20.28.38:528][780]LogActorComponent: ~FComponentReregisterContext: (/Game/TB_WBStreet.TB_WBStreet:PersistentLevel.BoxBrush15.BrushComponent0) Component already registered.
[2019.01.23-20.28.38:528][780]LogActorComponent: ~FComponentReregisterContext: (/Game/TB_WBStreet.TB_WBStreet:PersistentLevel.Brush_ST_178.BrushComponent0) Component already registered.
[2019.01.23-20.28.38:529][780]LogActorComponent: ~FComponentReregisterContext: (/Game/TB_WBStreet.TB_WBStreet:PersistentLevel.CylinderBrush11.BrushComponent0) Component already registered.
[2019.01.23-20.28.38:529][780]LogActorComponent: ~FComponentReregisterContext: (/Game/TB_WBStreet.TB_WBStreet:PersistentLevel.CylinderBrush13.BrushComponent0) Component already registered.
[2019.01.23-20.28.38:531][780]LogActorComponent: ~FComponentReregisterContext: (/Game/TB_WBStreet.TB_WBStreet:PersistentLevel.BoxBrush56.BrushComponent0) Component already registered.
[2019.01.23-20.28.38:532][780]LogActorComponent: ~FComponentReregisterContext: (/Game/TB_WBStreet.TB_WBStreet:PersistentLevel.CylinderBrush5.BrushComponent0) Component already registered.
[2019.01.23-20.28.38:532][780]LogActorComponent: ~FComponentReregisterContext: (/Game/TB_WBStreet.TB_WBStreet:PersistentLevel.BoxBrush29.BrushComponent0) Component already registered.
[2019.01.23-20.28.38:533][780]LogActorComponent: ~FComponentReregisterContext: (/Game/TB_WBStreet.TB_WBStreet:PersistentLevel.BoxBrush35.BrushComponent0) Component already registered.
[2019.01.23-20.28.38:533][780]LogActorComponent: ~FComponentReregisterContext: (/Game/TB_WBStreet.TB_WBStreet:PersistentLevel.CylinderBrush21.BrushComponent0) Component already registered.
[2019.01.23-20.28.38:533][780]LogActorComponent: ~FComponentReregisterContext: (/Game/TB_WBStreet.TB_WBStreet:PersistentLevel.Brush_SW_59.BrushComponent0) Component already registered.
[2019.01.23-20.28.38:533][780]LogActorComponent: ~FComponentReregisterContext: (/Game/TB_WBStreet.TB_WBStreet:PersistentLevel.Brush_Grass_43.BrushComponent0) Component already registered.
[2019.01.23-20.28.38:535][780]LogActorComponent: ~FComponentReregisterContext: (/Game/TB_WBStreet.TB_WBStreet:PersistentLevel.Brush_ST_128.BrushComponent0) Component already registered.
[2019.01.23-20.28.38:535][780]LogActorComponent: ~FComponentReregisterContext: (/Game/TB_WBStreet.TB_WBStreet:PersistentLevel.Brush_ST_146.BrushComponent0) Component already registered.
[2019.01.23-20.28.38:536][780]LogActorComponent: ~FComponentReregisterContext: (/Game/TB_WBStreet.TB_WBStreet:PersistentLevel.Brush_SW_69.BrushComponent0) Component already registered.
[2019.01.23-20.28.38:536][780]LogActorComponent: ~FComponentReregisterContext: (/Game/TB_WBStreet.TB_WBStreet:PersistentLevel.Brush_Grass_53.BrushComponent0) Component already registered.
[2019.01.23-20.28.38:536][780]LogActorComponent: ~FComponentReregisterContext: (/Game/TB_WBStreet.TB_WBStreet:PersistentLevel.Brush_ST_462.BrushComponent0) Component already registered.
[2019.01.23-20.28.38:537][780]LogActorComponent: ~FComponentReregisterContext: (/Game/TB_WBStreet.TB_WBStreet:PersistentLevel.Brush_ST_170.BrushComponent0) Component already registered.
[2019.01.23-20.28.38:537][780]LogActorComponent: ~FComponentReregisterContext: (/Game/TB_WBStreet.TB_WBStreet:PersistentLevel.Brush_Grass_49.BrushComponent0) Component already registered.
[2019.01.23-20.28.38:538][780]LogActorComponent: ~FComponentReregisterContext: (/Game/TB_WBStreet.TB_WBStreet:PersistentLevel.Brush_ST_153.BrushComponent0) Component already registered.
[2019.01.23-20.28.39:905][902]LogSlate: FSceneViewport::OnFocusLost() reason 0
[2019.01.23-20.28.59:139][994]Cmd: CAMERA ALIGN ACTIVEVIEWPORTONLY
[2019.01.23-20.30.02:212][217]Cmd: CAMERA ALIGN ACTIVEVIEWPORTONLY
[2019.01.23-20.30.31:706][701]Cmd: CAMERA ALIGN ACTIVEVIEWPORTONLY
[2019.01.23-20.30.54:917][141]LogSlate: FSceneViewport::OnFocusLost() reason 0
[2019.01.23-20.31.24:783][350]Cmd: CAMERA ALIGN ACTIVEVIEWPORTONLY
[2019.01.23-20.31.39:333][852]Cmd: CAMERA ALIGN ACTIVEVIEWPORTONLY
[2019.01.23-20.31.41:870][ 84]Cmd: TRANSACTION UNDO
[2019.01.23-20.31.41:870][ 84]LogEditorTransaction: Undo Move Actors
[2019.01.23-20.31.42:029][ 84]LogActorComponent: ~FComponentReregisterContext: (/Game/TB_WBStreet.TB_WBStreet:PersistentLevel.Brush_SW_49.BrushComponent0) Component already registered.
[2019.01.23-20.31.42:035][ 84]LogActorComponent: ~FComponentReregisterContext: (/Game/TB_WBStreet.TB_WBStreet:PersistentLevel.Brush_SW_13.BrushComponent0) Component already registered.
[2019.01.23-20.31.42:057][ 84]LogActorComponent: ~FComponentReregisterContext: (/Game/TB_WBStreet.TB_WBStreet:PersistentLevel.Brush_ST_158.BrushComponent0) Component already registered.
[2019.01.23-20.31.42:061][ 84]LogActorComponent: ~FComponentReregisterContext: (/Game/TB_WBStreet.TB_WBStreet:PersistentLevel.Brush_ST_462.BrushComponent0) Component already registered.
[2019.01.23-20.31.42:065][ 84]LogActorComponent: ~FComponentReregisterContext: (/Game/TB_WBStreet.TB_WBStreet:PersistentLevel.CylinderBrush24.BrushComponent0) Component already registered.
[2019.01.23-20.31.51:699][ 40]Cmd: TRANSACTION UNDO
[2019.01.23-20.31.51:699][ 40]LogEditorTransaction: Undo Move Actors
[2019.01.23-20.31.51:847][ 40]LogActorComponent: ~FComponentReregisterContext: (/Game/TB_WBStreet.TB_WBStreet:PersistentLevel.Brush_SW_35.BrushComponent0) Component already registered.
[2019.01.23-20.31.51:849][ 40]LogActorComponent: ~FComponentReregisterContext: (/Game/TB_WBStreet.TB_WBStreet:PersistentLevel.Brush_Grass_22.BrushComponent0) Component already registered.
[2019.01.23-20.31.51:849][ 40]LogActorComponent: ~FComponentReregisterContext: (/Game/TB_WBStreet.TB_WBStreet:PersistentLevel.Brush_ST_81.BrushComponent0) Component already registered.
[2019.01.23-20.31.51:850][ 40]LogActorComponent: ~FComponentReregisterContext: (/Game/TB_WBStreet.TB_WBStreet:PersistentLevel.Brush_ST_66.BrushComponent0) Component already registered.
[2019.01.23-20.31.51:851][ 40]LogActorComponent: ~FComponentReregisterContext: (/Game/TB_WBStreet.TB_WBStreet:PersistentLevel.Brush_ST_107.BrushComponent0) Component already registered.
[2019.01.23-20.31.51:852][ 40]LogActorComponent: ~FComponentReregisterContext: (/Game/TB_WBStreet.TB_WBStreet:PersistentLevel.Brush_Grass_33.BrushComponent0) Component already registered.
[2019.01.23-20.31.51:852][ 40]LogActorComponent: ~FComponentReregisterContext: (/Game/TB_WBStreet.TB_WBStreet:PersistentLevel.Brush_ST_298.BrushComponent0) Component already registered.
[2019.01.23-20.31.51:853][ 40]LogActorComponent: ~FComponentReregisterContext: (/Game/TB_WBStreet.TB_WBStreet:PersistentLevel.Brush_ST_87.BrushComponent0) Component already registered.
[2019.01.23-20.31.51:853][ 40]LogActorComponent: ~FComponentReregisterContext: (/Game/TB_WBStreet.TB_WBStreet:PersistentLevel.Brush_ST_95.BrushComponent0) Component already registered.
[2019.01.23-20.31.51:854][ 40]LogActorComponent: ~FComponentReregisterContext: (/Game/TB_WBStreet.TB_WBStreet:PersistentLevel.Brush_ST_23.BrushComponent0) Component already registered.
[2019.01.23-20.31.51:854][ 40]LogActorComponent: ~FComponentReregisterContext: (/Game/TB_WBStreet.TB_WBStreet:PersistentLevel.Brush_ST_33.BrushComponent0) Component already registered.
[2019.01.23-20.31.51:855][ 40]LogActorComponent: ~FComponentReregisterContext: (/Game/TB_WBStreet.TB_WBStreet:PersistentLevel.Brush_SW_1.BrushComponent0) Component already registered.
[2019.01.23-20.31.51:855][ 40]LogActorComponent: ~FComponentReregisterContext: (/Game/TB_WBStreet.TB_WBStreet:PersistentLevel.Brush_ST_28.BrushComponent0) Component already registered.
[2019.01.23-20.31.51:855][ 40]LogActorComponent: ~FComponentReregisterContext: (/Game/TB_WBStreet.TB_WBStreet:PersistentLevel.Brush_ST_5.BrushComponent0) Component already registered.
[2019.01.23-20.31.51:873][ 40]LogActorComponent: ~FComponentReregisterContext: (/Game/TB_WBStreet.TB_WBStreet:PersistentLevel.Brush_ST_15.BrushComponent0) Component already registered.
[2019.01.23-20.31.51:874][ 40]LogActorComponent: ~FComponentReregisterContext: (/Game/TB_WBStreet.TB_WBStreet:PersistentLevel.Brush_SW_23.BrushComponent0) Component already registered.
[2019.01.23-20.31.51:874][ 40]LogActorComponent: ~FComponentReregisterContext: (/Game/TB_WBStreet.TB_WBStreet:PersistentLevel.Brush_ST_43.BrushComponent0) Component already registered.
[2019.01.23-20.31.51:875][ 40]LogActorComponent: ~FComponentReregisterContext: (/Game/TB_WBStreet.TB_WBStreet:PersistentLevel.Brush_Grass_9.BrushComponent0) Component already registered.
[2019.01.23-20.31.51:875][ 40]LogActorComponent: ~FComponentReregisterContext: (/Game/TB_WBStreet.TB_WBStreet:PersistentLevel.Brush_SW_17.BrushComponent0) Component already registered.
[2019.01.23-20.31.51:875][ 40]LogActorComponent: ~FComponentReregisterContext: (/Game/TB_WBStreet.TB_WBStreet:PersistentLevel.Brush_SW_7.BrushComponent0) Component already registered.
[2019.01.23-20.31.51:876][ 40]LogActorComponent: ~FComponentReregisterContext: (/Game/TB_WBStreet.TB_WBStreet:PersistentLevel.Brush_Grass_4.BrushComponent0) Component already registered.
[2019.01.23-20.31.51:876][ 40]LogActorComponent: ~FComponentReregisterContext: (/Game/TB_WBStreet.TB_WBStreet:PersistentLevel.Brush_SW_19.BrushComponent0) Component already registered.
[2019.01.23-20.31.51:876][ 40]LogActorComponent: ~FComponentReregisterContext: (/Game/TB_WBStreet.TB_WBStreet:PersistentLevel.BoxBrush17.BrushComponent0) Component already registered.
[2019.01.23-20.31.51:877][ 40]LogActorComponent: ~FComponentReregisterContext: (/Game/TB_WBStreet.TB_WBStreet:PersistentLevel.BoxBrush12.BrushComponent0) Component already registered.
[2019.01.23-20.31.51:877][ 40]LogActorComponent: ~FComponentReregisterContext: (/Game/TB_WBStreet.TB_WBStreet:PersistentLevel.CylinderBrush16.BrushComponent0) Component already registered.
[2019.01.23-20.31.51:878][ 40]LogActorComponent: ~FComponentReregisterContext: (/Game/TB_WBStreet.TB_WBStreet:PersistentLevel.Brush_Grass_61.BrushComponent0) Component already registered.
[2019.01.23-20.31.51:879][ 40]LogActorComponent: ~FComponentReregisterContext: (/Game/TB_WBStreet.TB_WBStreet:PersistentLevel.BoxBrush7.BrushComponent0) Component already registered.
[2019.01.23-20.31.51:879][ 40]LogActorComponent: ~FComponentReregisterContext: (/Game/TB_WBStreet.TB_WBStreet:PersistentLevel.BoxBrush.BrushComponent0) Component already registered.
[2019.01.23-20.31.51:879][ 40]LogActorComponent: ~FComponentReregisterContext: (/Game/TB_WBStreet.TB_WBStreet:PersistentLevel.CylinderBrush30.BrushComponent0) Component already registered.
[2019.01.23-20.31.51:880][ 40]LogActorComponent: ~FComponentReregisterContext: (/Game/TB_WBStreet.TB_WBStreet:PersistentLevel.BoxBrush50.BrushComponent0) Component already registered.
[2019.01.23-20.31.51:880][ 40]LogActorComponent: ~FComponentReregisterContext: (/Game/TB_WBStreet.TB_WBStreet:PersistentLevel.CylinderBrush36.BrushComponent0) Component already registered.
[2019.01.23-20.31.51:881][ 40]LogActorComponent: ~FComponentReregisterContext: (/Game/TB_WBStreet.TB_WBStreet:PersistentLevel.CylinderBrush20_59.BrushComponent0) Component already registered.
[2019.01.23-20.31.51:882][ 40]LogActorComponent: ~FComponentReregisterContext: (/Game/TB_WBStreet.TB_WBStreet:PersistentLevel.BoxBrush47.BrushComponent0) Component already registered.
[2019.01.23-20.31.51:882][ 40]LogActorComponent: ~FComponentReregisterContext: (/Game/TB_WBStreet.TB_WBStreet:PersistentLevel.BoxBrush42.BrushComponent0) Component already registered.
[2019.01.23-20.31.51:882][ 40]LogActorComponent: ~FComponentReregisterContext: (/Game/TB_WBStreet.TB_WBStreet:PersistentLevel.Brush_ST_141.BrushComponent0) Component already registered.
[2019.01.23-20.31.51:883][ 40]LogActorComponent: ~FComponentReregisterContext: (/Game/TB_WBStreet.TB_WBStreet:PersistentLevel.Brush_SW_64.BrushComponent0) Component already registered.
[2019.01.23-20.31.51:884][ 40]LogActorComponent: ~FComponentReregisterContext: (/Game/TB_WBStreet.TB_WBStreet:PersistentLevel.Brush_ST_144.BrushComponent0) Component already registered.
[2019.01.23-20.31.51:885][ 40]LogActorComponent: ~FComponentReregisterContext: (/Game/TB_WBStreet.TB_WBStreet:PersistentLevel.Brush_ST_129.BrushComponent0) Component already registered.
[2019.01.23-20.31.51:886][ 40]LogActorComponent: ~FComponentReregisterContext: (/Game/TB_WBStreet.TB_WBStreet:PersistentLevel.Brush_ST_170.BrushComponent0) Component already registered.
[2019.01.23-20.31.51:886][ 40]LogActorComponent: ~FComponentReregisterContext: (/Game/TB_WBStreet.TB_WBStreet:PersistentLevel.Brush_SW_75.BrushComponent0) Component already registered.
[2019.01.23-20.31.51:887][ 40]LogActorComponent: ~FComponentReregisterContext: (/Game/TB_WBStreet.TB_WBStreet:PersistentLevel.Brush_ST_173.BrushComponent0) Component already registered.
[2019.01.23-20.31.51:887][ 40]LogActorComponent: ~FComponentReregisterContext: (/Game/TB_WBStreet.TB_WBStreet:PersistentLevel.Brush_ST_150.BrushComponent0) Component already registered.
[2019.01.23-20.31.51:888][ 40]LogActorComponent: ~FComponentReregisterContext: (/Game/TB_WBStreet.TB_WBStreet:PersistentLevel.Brush_ST_158.BrushComponent0) Component already registered.
[2019.01.23-20.32.16:840][729]Cmd: CAMERA ALIGN ACTIVEVIEWPORTONLY
[2019.01.23-20.32.34:619][571]Cmd: CAMERA ALIGN ACTIVEVIEWPORTONLY
[2019.01.23-20.33.21:733][594]Cmd: CAMERA ALIGN ACTIVEVIEWPORTONLY
[2019.01.23-20.33.28:301][246]Cmd: CAMERA ALIGN ACTIVEVIEWPORTONLY
[2019.01.23-20.34.24:560][312]LogEditorViewport: Clicking on Actor (LMB): BP_Sky_Sphere_C (Sky Sphere)
[2019.01.23-20.34.31:964][177]LogSlate: FSceneViewport::OnFocusLost() reason 0
[2019.01.23-20.34.54:199][673]LogEditorViewport: Clicking on Actor (LMB): BP_Sky_Sphere_C (Sky Sphere)
[2019.01.23-20.35.02:716][618]LogEditorViewport: Clicking on Actor (LMB): BP_Sky_Sphere_C (Sky Sphere)
[2019.01.23-20.35.16:115][153]Cmd: TRANSACTION UNDO
[2019.01.23-20.35.16:115][153]LogEditorTransaction: Undo Move Actors
[2019.01.23-20.35.16:273][153]LogActorComponent: ~FComponentReregisterContext: (/Game/TB_WBStreet.TB_WBStreet:PersistentLevel.Brush_SW_34.BrushComponent0) Component already registered.
[2019.01.23-20.35.16:274][153]LogActorComponent: ~FComponentReregisterContext: (/Game/TB_WBStreet.TB_WBStreet:PersistentLevel.Brush_Grass_35.BrushComponent0) Component already registered.
[2019.01.23-20.35.16:275][153]LogActorComponent: ~FComponentReregisterContext: (/Game/TB_WBStreet.TB_WBStreet:PersistentLevel.Brush_ST_95.BrushComponent0) Component already registered.
[2019.01.23-20.35.16:277][153]LogActorComponent: ~FComponentReregisterContext: (/Game/TB_WBStreet.TB_WBStreet:PersistentLevel.Brush_SW_3.BrushComponent0) Component already registered.
[2019.01.23-20.35.16:278][153]LogActorComponent: ~FComponentReregisterContext: (/Game/TB_WBStreet.TB_WBStreet:PersistentLevel.Brush_ST_3.BrushComponent0) Component already registered.
[2019.01.23-20.35.16:299][153]LogActorComponent: ~FComponentReregisterContext: (/Game/TB_WBStreet.TB_WBStreet:PersistentLevel.Brush_ST_49.BrushComponent0) Component already registered.
[2019.01.23-20.35.16:301][153]LogActorComponent: ~FComponentReregisterContext: (/Game/TB_WBStreet.TB_WBStreet:PersistentLevel.Brush_SW_20.BrushComponent0) Component already registered.
[2019.01.23-20.35.16:301][153]LogActorComponent: ~FComponentReregisterContext: (/Game/TB_WBStreet.TB_WBStreet:PersistentLevel.CylinderBrush16.BrushComponent0) Component already registered.
[2019.01.23-20.35.16:303][153]LogActorComponent: ~FComponentReregisterContext: (/Game/TB_WBStreet.TB_WBStreet:PersistentLevel.CylinderBrush24.BrushComponent0) Component already registered.
[2019.01.23-20.35.16:303][153]LogActorComponent: ~FComponentReregisterContext: (/Game/TB_WBStreet.TB_WBStreet:PersistentLevel.BoxBrush9.BrushComponent0) Component already registered.
[2019.01.23-20.35.16:305][153]LogActorComponent: ~FComponentReregisterContext: (/Game/TB_WBStreet.TB_WBStreet:PersistentLevel.BoxBrush65.BrushComponent0) Component already registered.
[2019.01.23-20.35.16:308][153]LogActorComponent: ~FComponentReregisterContext: (/Game/TB_WBStreet.TB_WBStreet:PersistentLevel.BoxBrush57.BrushComponent0) Component already registered.
[2019.01.23-20.35.16:309][153]LogActorComponent: ~FComponentReregisterContext: (/Game/TB_WBStreet.TB_WBStreet:PersistentLevel.Brush_ST_146.BrushComponent0) Component already registered.
[2019.01.23-20.35.16:311][153]LogActorComponent: ~FComponentReregisterContext: (/Game/TB_WBStreet.TB_WBStreet:PersistentLevel.Brush_ST_155.BrushComponent0) Component already registered.
[2019.01.23-20.35.16:312][153]LogActorComponent: ~FComponentReregisterContext: (/Game/TB_WBStreet.TB_WBStreet:PersistentLevel.Brush_SW_58.BrushComponent0) Component already registered.
[2019.01.23-20.35.16:314][153]LogActorComponent: ~FComponentReregisterContext: (/Game/TB_WBStreet.TB_WBStreet:PersistentLevel.Brush_Grass_59.BrushComponent0) Component already registered.
[2019.01.23-20.35.16:318][153]LogActorComponent: ~FComponentReregisterContext: (/Game/TB_WBStreet.TB_WBStreet:PersistentLevel.Brush_Grass_56.BrushComponent0) Component already registered.
[2019.01.23-20.35.22:581][774]Cmd: CAMERA ALIGN ACTIVEVIEWPORTONLY
[2019.01.23-20.35.27:320][270]LogEditorViewport: Clicking on Actor (LMB): BP_Sky_Sphere_C (Sky Sphere)
[2019.01.23-20.35.28:378][391]LogEditorViewport: Clicking on Actor (LMB): BP_Sky_Sphere_C (Sky Sphere)
[2019.01.23-20.35.43:279][ 48]LogEditorViewport: Clicking on Actor (LMB): BP_Sky_Sphere_C (Sky Sphere)
[2019.01.23-20.35.45:530][298]LogSlate: FSceneViewport::OnFocusLost() reason 2
[2019.01.23-20.35.48:515][641]LogSlate: FSceneViewport::OnFocusLost() reason 2
[2019.01.23-20.35.49:492][641]LogSavePackage: Moving '../../../../../../Users/u1164170/Documents/GitHub/TB_AssetPipeline/TB_WBICS002_AP/Saved/TB_WBStreet7C46C1594FF51CD3EF842588CAE07EFF.tmp' to '../../../../../../Users/u1164170/Documents/GitHub/TB_AssetPipeline/TB_WBICS002_AP/Content/TB_WBStreet.umap'
[2019.01.23-20.35.49:534][641]LogFileHelpers: Saving map 'TB_WBStreet' took 1.010
[2019.01.23-20.35.50:744][783]LogSlate: FSceneViewport::OnFocusLost() reason 0
[2019.01.23-20.35.53:908][959]LogSlate: FSceneViewport::OnFocusLost() reason 0
